Started at   Fri Aug 26 14:12:09 2011
 T:\MISC\BINIMAGE\qcas\epsig.exe d:\techserv\binimage\*.* qcas118.msl qcas211.tsl qcas409.psl 
 Finished at Fri Aug 26 14:15:51 2011
 with EXIT_SUCCESS
Started at   Fri Aug 26 14:15:58 2011
 T:\MISC\BINIMAGE\qcas\epsig.exe d:\techserv\binimage\*.* qcas119.msl qcas211.tsl qcas410.psl 
 Finished at Fri Aug 26 14:19:41 2011
 with EXIT_SUCCESS
Started at   Mon Sep 05 11:01:01 2011
 T:\MISC\BINIMAGE\qcas\epsig.exe d:\techserv\binimage\*.* qcas119.msl qcas212.tsl qcas411.psl 
Started at   Mon Sep 05 11:02:41 2011
 T:\MISC\BINIMAGE\qcas\epsig.exe d:\techserv\binimage\*.* qcas119.msl qcas212.tsl qcas411.psl 
 Finished at Mon Sep 05 11:02:43 2011
 with EXIT_FAILURE
Started at   Mon Sep 05 11:02:50 2011
 T:\MISC\BINIMAGE\qcas\epsig.exe d:\techserv\binimage\*.* qcas120.msl qcas212.tsl qcas412.psl 
Started at   Mon Sep 05 11:04:42 2011
 T:\MISC\BINIMAGE\qcas\epsig.exe d:\techserv\binimage\*.* qcas119.msl qcas212.tsl qcas411.psl 
 Finished at Mon Sep 05 11:44:27 2011
 with EXIT_SUCCESS
Started at   Mon Sep 05 11:44:35 2011
 T:\MISC\BINIMAGE\qcas\epsig.exe d:\techserv\binimage\*.* qcas120.msl qcas212.tsl qcas412.psl 
 Finished at Tue Sep 06 04:51:47 2011
 with EXIT_SUCCESS
Started at   Fri Sep 23 11:32:40 2011
 T:\MISC\BINIMAGE\qcas\epsig.exe d:\techserv\binimage\*.* qcas119.msl qcas213.tsl qcas413.psl 
 Finished at Fri Sep 23 11:37:01 2011
 with EXIT_SUCCESS
Started at   Fri Sep 23 11:37:08 2011
 T:\MISC\BINIMAGE\qcas\epsig.exe d:\techserv\binimage\*.* qcas120.msl qcas213.tsl qcas414.psl 
 Finished at Fri Sep 23 11:41:29 2011
 with EXIT_SUCCESS
Started at   Tue Sep 27 11:10:09 2011
 T:\MISC\BINIMAGE\qcas\epsig.exe d:\techserv\binimage\*.* qcas119.msl qcas214.tsl qcas415.psl 
 Finished at Tue Sep 27 11:15:44 2011
 with EXIT_SUCCESS
Started at   Tue Sep 27 11:15:52 2011
 T:\MISC\BINIMAGE\qcas\epsig.exe d:\techserv\binimage\*.* qcas120.msl qcas214.tsl qcas416.psl 
 Finished at Tue Sep 27 11:21:25 2011
 with EXIT_SUCCESS
Started at   Fri Sep 30 17:38:36 2011
 T:\MISC\BINIMAGE\qcas\epsig.exe d:\techserv\binimage\*.* qcas119.msl qcas214.tsl qcas417.psl 
Started at   Fri Sep 30 17:47:00 2011
 T:\MISC\BINIMAGE\qcas\epsig.exe d:\techserv\binimage\*.* qcas119.msl qcas214.tsl qcas417.psl 
 Finished at Fri Sep 30 17:52:27 2011
 with EXIT_SUCCESS
Started at   Fri Sep 30 17:52:34 2011
 T:\MISC\BINIMAGE\qcas\epsig.exe d:\techserv\binimage\*.* qcas120.msl qcas214.tsl qcas418.psl 
 Finished at Fri Sep 30 17:58:03 2011
 with EXIT_SUCCESS
Started at   Fri Sep 30 18:07:53 2011
 T:\MISC\BINIMAGE\qcas\epsig.exe d:\techserv\binimage\*.* qcas119.msl qcas214.tsl qcas417.psl 
 Finished at Fri Sep 30 18:09:08 2011
 with EXIT_SUCCESS
Started at   Fri Sep 30 18:09:15 2011
 T:\MISC\BINIMAGE\qcas\epsig.exe d:\techserv\binimage\*.* qcas120.msl qcas214.tsl qcas418.psl 
 Finished at Fri Sep 30 18:10:38 2011
 with EXIT_SUCCESS
Started at   Tue Oct 04 15:40:09 2011
 T:\MISC\BINIMAGE\qcas\epsig.exe d:\techserv\binimage\*.* qcas120.msl qcas215.tsl qcas419.psl 
 Finished at Tue Oct 04 15:40:10 2011
 with EXIT_FAILURE
Started at   Tue Oct 04 15:40:18 2011
 T:\MISC\BINIMAGE\qcas\epsig.exe d:\techserv\binimage\*.* qcas121.msl qcas215.tsl qcas420.psl 
Started at   Tue Oct 04 16:37:55 2011
 T:\MISC\BINIMAGE\qcas\epsig.exe d:\techserv\binimage\*.* qcas120.msl qcas215.tsl qcas419.psl 
 Finished at Tue Oct 04 16:37:56 2011
 with EXIT_FAILURE
Started at   Tue Oct 04 16:38:03 2011
 T:\MISC\BINIMAGE\qcas\epsig.exe d:\techserv\binimage\*.* qcas121.msl qcas215.tsl qcas420.psl 
Started at   Tue Oct 04 16:40:55 2011
 T:\MISC\BINIMAGE\qcas\epsig.exe d:\techserv\binimage\*.* qcas120.msl qcas215.tsl qcas419.psl 
 Finished at Tue Oct 04 17:41:42 2011
 with EXIT_SUCCESS
Started at   Tue Oct 04 17:41:50 2011
 T:\MISC\BINIMAGE\qcas\epsig.exe d:\techserv\binimage\*.* qcas121.msl qcas215.tsl qcas420.psl 
 Finished at Wed Oct 05 06:19:03 2011
 with EXIT_SUCCESS
Started at   Tue Oct 25 13:57:36 2011
 T:\MISC\BINIMAGE\qcas\epsig.exe d:\techserv\binimage\*.* qcas120.msl qcas216.tsl qcas421.psl 
 Finished at Tue Oct 25 13:58:21 2011
 with EXIT_SUCCESS
Started at   Tue Oct 25 13:58:28 2011
 T:\MISC\BINIMAGE\qcas\epsig.exe d:\techserv\binimage\*.* qcas121.msl qcas216.tsl qcas422.psl 
 Finished at Tue Oct 25 13:59:08 2011
 with EXIT_SUCCESS
Started at   Thu Nov 03 15:14:24 2011
 T:\MISC\BINIMAGE\qcas\epsig.exe d:\techserv\binimage\*.* qcas121.msl qcas217.tsl qcas423.psl 
 Finished at Thu Nov 03 15:33:29 2011
 with EXIT_FAILURE
Started at   Thu Nov 03 15:33:37 2011
 T:\MISC\BINIMAGE\qcas\epsig.exe d:\techserv\binimage\*.* qcas122.msl qcas217.tsl qcas424.psl 
 Finished at Fri Nov 04 04:22:37 2011
 with EXIT_FAILURE
Started at   Fri Dec 02 16:26:36 2011
 T:\MISC\BINIMAGE\qcas\epsig.exe d:\techserv\binimage\*.* qcas122.msl qcas218.tsl qcas425.psl 
 Finished at Fri Dec 02 17:59:02 2011
 with EXIT_SUCCESS
Started at   Fri Dec 02 17:59:10 2011
 T:\MISC\BINIMAGE\qcas\epsig.exe d:\techserv\binimage\*.* qcas123.msl qcas218.tsl qcas426.psl 
 Finished at Sat Dec 03 08:12:08 2011
 with EXIT_SUCCESS
Started at   Wed Dec 14 17:03:54 2011
 T:\MISC\BINIMAGE\qcas\epsig.exe d:\techserv\binimage\*.* qcas122.msl qcas219.tsl qcas427.psl 
 Finished at Wed Dec 14 17:04:54 2011
 with EXIT_SUCCESS
Started at   Wed Dec 14 17:05:01 2011
 T:\MISC\BINIMAGE\qcas\epsig.exe d:\techserv\binimage\*.* qcas123.msl qcas219.tsl qcas428.psl 
 Finished at Wed Dec 14 17:05:53 2011
 with EXIT_SUCCESS
Started at   Thu Dec 22 16:47:24 2011
 T:\MISC\BINIMAGE\qcas\epsig.exe d:\techserv\binimage\*.* qcas122.msl qcas220.tsl qcas429.psl 
 Finished at Thu Dec 22 16:50:21 2011
 with EXIT_SUCCESS
Started at   Thu Dec 22 16:50:28 2011
 T:\MISC\BINIMAGE\qcas\epsig.exe d:\techserv\binimage\*.* qcas123.msl qcas220.tsl qcas430.psl 
 Finished at Thu Dec 22 16:53:23 2011
 with EXIT_SUCCESS
Started at   Thu Jan 05 11:52:28 2012
 T:\MISC\BINIMAGE\qcas\epsig.exe d:\techserv\binimage\*.* qcas123.msl qcas221.tsl qcas431.psl 
 Finished at Thu Jan 05 12:48:11 2012
 with EXIT_SUCCESS
Started at   Thu Jan 05 12:48:20 2012
 T:\MISC\BINIMAGE\qcas\epsig.exe d:\techserv\binimage\*.* qcas124.msl qcas221.tsl qcas432.psl 
 Finished at Fri Jan 06 03:41:24 2012
 with EXIT_SUCCESS
Started at   Fri Feb 03 11:26:11 2012
 T:\MISC\BINIMAGE\qcas\epsig.exe d:\techserv\binimage\*.* qcas124.msl qcas222.tsl qcas433.psl 
 Finished at Fri Feb 03 12:05:05 2012
 with EXIT_SUCCESS
Started at   Fri Feb 03 12:05:14 2012
 T:\MISC\BINIMAGE\qcas\epsig.exe d:\techserv\binimage\*.* qcas125.msl qcas222.tsl qcas434.psl 
 Finished at Sat Feb 04 03:23:00 2012
 with EXIT_SUCCESS
Started at   Mon Mar 05 13:46:42 2012
 T:\MISC\BINIMAGE\qcas\epsig.exe d:\techserv\binimage\*.* qcas125.msl qcas223.tsl qcas435.psl 
 Finished at Mon Mar 05 14:39:27 2012
 with EXIT_SUCCESS
Started at   Mon Mar 05 14:39:35 2012
 T:\MISC\BINIMAGE\qcas\epsig.exe d:\techserv\binimage\*.* qcas126.msl qcas223.tsl qcas436.psl 
 Finished at Tue Mar 06 06:31:38 2012
 with EXIT_SUCCESS
Started at   Wed Apr 04 11:21:16 2012
 T:\MISC\BINIMAGE\qcas\epsig.exe d:\techserv\binimage\*.* qcas127.msl qcas224.tsl qcas437.psl 
 Finished at Wed Apr 04 12:03:18 2012
 with EXIT_SUCCESS
Started at   Wed Apr 04 12:03:26 2012
 T:\MISC\BINIMAGE\qcas\epsig.exe d:\techserv\binimage\*.* qcas128.msl qcas224.tsl qcas438.psl 
 Finished at Thu Apr 05 04:19:47 2012
 with EXIT_SUCCESS
Started at   Wed Apr 18 09:01:30 2012
 T:\MISC\BINIMAGE\qcas\epsig.exe d:\techserv\binimage\*.* qcas127.msl qcas225.tsl qcas439.psl 
 Finished at Wed Apr 18 09:02:13 2012
 with EXIT_FAILURE
Started at   Wed Apr 18 09:02:20 2012
 T:\MISC\BINIMAGE\qcas\epsig.exe d:\techserv\binimage\*.* qcas128.msl qcas225.tsl qcas440.psl 
 Finished at Wed Apr 18 09:02:47 2012
 with EXIT_FAILURE
Started at   Wed Apr 18 09:06:12 2012
 T:\MISC\BINIMAGE\qcas\epsig.exe d:\techserv\binimage\*.* qcas127.msl qcas225.tsl qcas439.psl 
 Finished at Wed Apr 18 09:06:38 2012
 with EXIT_SUCCESS
Started at   Wed Apr 18 09:06:45 2012
 T:\MISC\BINIMAGE\qcas\epsig.exe d:\techserv\binimage\*.* qcas128.msl qcas225.tsl qcas440.psl 
 Finished at Wed Apr 18 09:07:10 2012
 with EXIT_SUCCESS
Started at   Tue May 08 14:34:34 2012
 T:\MISC\BINIMAGE\qcas\epsig.exe d:\techserv\binimage\*.* qcas129.msl qcas225.tsl qcas441.psl 
Started at   Tue May 08 14:42:09 2012
 T:\MISC\BINIMAGE\qcas\epsig.exe d:\techserv\binimage\*.* qcas128.msl qcas225.tsl qcas440.psl 
 Finished at Tue May 08 16:01:51 2012
 with EXIT_SUCCESS
Started at   Tue May 08 16:02:00 2012
 T:\MISC\BINIMAGE\qcas\epsig.exe d:\techserv\binimage\*.* qcas129.msl qcas225.tsl qcas441.psl 
 Finished at Tue May 08 17:21:56 2012
 with EXIT_SUCCESS
Started at   Wed May 09 10:35:01 2012
 T:\MISC\BINIMAGE\qcas\epsig.exe d:\techserv\binimage\*.* qcas128.msl qcas225.tsl qcas440.psl 
 Finished at Wed May 09 10:35:25 2012
 with EXIT_SUCCESS
Started at   Wed May 09 10:35:32 2012
 T:\MISC\BINIMAGE\qcas\epsig.exe d:\techserv\binimage\*.* qcas129.msl qcas225.tsl qcas441.psl 
Started at   Wed May 09 12:26:43 2012
 T:\MISC\BINIMAGE\qcas\epsig.exe d:\techserv\binimage\*.* qcas128.msl qcas225.tsl qcas440.psl 
 Finished at Wed May 09 12:34:43 2012
 with EXIT_SUCCESS
 Finished at Thu May 10 03:58:00 2012
 with EXIT_SUCCESS
Started at   Mon May 21 10:33:47 2012
 T:\MISC\BINIMAGE\qcas\epsig.exe d:\techserv\binimage\*.* qcas_2012_05_v01.msl qcas_2012_05_v01.tsl qcas_2012_05_v01.psl 
 Finished at Tue May 22 04:02:53 2012
 with EXIT_SUCCESS
Started at   Tue May 22 04:03:01 2012
 T:\MISC\BINIMAGE\qcas\epsig.exe d:\techserv\binimage\*.* qcas_2012_06_v01.msl qcas_2012_05_v01.tsl qcas_2012_06_v01.psl 
 Finished at Tue May 22 21:28:36 2012
 with EXIT_SUCCESS
Started at   Thu Jun 07 13:37:04 2012
 T:\MISC\BINIMAGE\qcas\epsig.exe d:\techserv\binimage\*.* qcas_2012_06_v02.msl qcas_2012_06_v01.tsl qcas_2012_05_v02.psl 
Started at   Thu Jun 07 13:37:57 2012
 T:\MISC\BINIMAGE\qcas\epsig.exe d:\techserv\binimage\*.* qcas_2012_06_v02.msl qcas_2012_06_v01.tsl qcas_2012_05_v02.psl 
 Finished at Fri Jun 08 08:19:17 2012
 with EXIT_SUCCESS
Started at   Fri Jun 08 08:19:26 2012
 T:\MISC\BINIMAGE\qcas\epsig.exe d:\techserv\binimage\*.* qcas_2012_07_v01.msl qcas_2012_06_v01.tsl qcas_2012_07_v01.psl 
 Finished at Fri Jun 08 09:47:49 2012
 with EXIT_SUCCESS
Started at   Wed Jun 13 10:19:11 2012
 T:\MISC\BINIMAGE\qcas\epsig.exe d:\techserv\binimage\*.* qcas_2012_06_v02.msl qcas_2012_06_v01.tsl qcas_2012_06_v02.psl 
 Finished at Thu Jun 14 05:00:55 2012
 with EXIT_SUCCESS
Started at   Thu Jun 14 05:01:04 2012
 T:\MISC\BINIMAGE\qcas\epsig.exe d:\techserv\binimage\*.* qcas_2012_07_v01.msl qcas_2012_06_v01.tsl qcas_2012_07_v01.psl 
 Finished at Thu Jun 14 23:38:50 2012
 with EXIT_SUCCESS
Started at   Wed Jun 20 11:19:51 2012
 T:\MISC\BINIMAGE\qcas\epsig.exe d:\techserv\binimage\*.* qcas_2012_06_v01.msl qcas_2012_06_v01.tsl qcas_2012_06_v02.psl 
 Finished at Wed Jun 20 11:19:52 2012
 with EXIT_FAILURE
Started at   Wed Jun 20 11:19:59 2012
 T:\MISC\BINIMAGE\qcas\epsig.exe d:\techserv\binimage\*.* qcas_2012_07_v01.msl qcas_2012_06_v01.tsl qcas_2012_07_v01.psl 
 Finished at Wed Jun 20 11:20:27 2012
 with EXIT_SUCCESS
Started at   Wed Jun 20 11:23:39 2012
 T:\MISC\BINIMAGE\qcas\epsig.exe d:\techserv\binimage\*.* qcas_2012_06_v01.msl qcas_2012_06_v01.tsl qcas_2012_06_v02.psl 
Started at   Wed Jun 20 11:24:15 2012
 T:\MISC\BINIMAGE\qcas\epsig.exe d:\techserv\binimage\*.* qcas_2012_06_v01.msl qcas_2012_06_v01.tsl qcas_2012_06_v02.psl 
 Finished at Thu Jun 21 06:05:55 2012
 with EXIT_SUCCESS
Started at   Thu Jun 21 06:06:04 2012
 T:\MISC\BINIMAGE\qcas\epsig.exe d:\techserv\binimage\*.* qcas_2012_07_v01.msl qcas_2012_06_v01.tsl qcas_2012_07_v01.psl 
 Finished at Thu Jun 21 06:06:25 2012
 with EXIT_SUCCESS
Started at   Mon Jul 02 09:45:45 2012
 T:\MISC\BINIMAGE\qcas\epsig.exe d:\techserv\binimage\*.* qcas_2012_06_v01.msl qcas_2012_06_v01.tsl qcas_2012_06_v02.psl 
 Finished at Mon Jul 02 09:46:06 2012
 with EXIT_SUCCESS
Started at   Mon Jul 02 09:46:13 2012
 T:\MISC\BINIMAGE\qcas\epsig.exe d:\techserv\binimage\*.* qcas_2012_07_v01.msl qcas_2012_06_v01.tsl qcas_2012_07_v01.psl 
 Finished at Mon Jul 02 09:48:10 2012
 with EXIT_SUCCESS
Started at   Mon Jul 02 09:57:31 2012
 T:\MISC\BINIMAGE\qcas\epsig.exe d:\techserv\binimage\*.* qcas_2012_06_v01.msl qcas_2012_06_v01.tsl qcas_2012_06_v02.psl 
 Finished at Mon Jul 02 09:57:52 2012
 with EXIT_SUCCESS
Started at   Mon Jul 02 09:57:59 2012
 T:\MISC\BINIMAGE\qcas\epsig.exe d:\techserv\binimage\*.* qcas_2012_07_v01.msl qcas_2012_06_v01.tsl qcas_2012_07_v02.psl 
 Finished at Tue Jul 03 04:36:37 2012
 with EXIT_SUCCESS
Started at   Thu Jul 05 10:20:48 2012
 T:\MISC\BINIMAGE\qcas\epsig.exe d:\techserv\binimage\*.* qcas_2012_07_v02.msl qcas_2012_07_v01.tsl qcas_2012_06_v04-echo.psl 
Started at   Thu Jul 05 10:21:36 2012
 T:\MISC\BINIMAGE\qcas\epsig.exe d:\techserv\binimage\*.* qcas_2012_07_v02.msl qcas_2012_07_v01.tsl qcas_2012_07_v04-echo.psl 
 Finished at Thu Jul 05 12:11:35 2012
 with EXIT_SUCCESS
Started at   Thu Jul 05 12:11:43 2012
 T:\MISC\BINIMAGE\qcas\epsig.exe d:\techserv\binimage\*.* qcas_2012_07_v03.msl qcas_2012_07_v01.tsl qcas_2012_07_v05-reef.psl 
 Finished at Thu Jul 05 12:52:37 2012
 with EXIT_SUCCESS
Started at   Thu Jul 12 08:43:10 2012
 T:\MISC\BINIMAGE\qcas\epsig.exe d:\techserv\binimage\*.* qcas_2012_08_v01.msl qcas_2012_07_v01.tsl qcas_2012_08_v01.psl 
 Finished at Fri Jul 13 03:46:15 2012
 with EXIT_SUCCESS
Started at   Tue Jul 31 12:40:40 2012
 T:\MISC\BINIMAGE\qcas\epsig.exe d:\techserv\binimage\*.* qcas_2012_07_v01.msl qcas_2012_07_v02.tsl qcas_2012_07_v04.psl 
 Finished at Tue Jul 31 12:40:52 2012
 with EXIT_FAILURE
Started at   Tue Jul 31 12:44:57 2012
 T:\MISC\BINIMAGE\qcas\epsig.exe d:\techserv\binimage\*.* qcas_2012_07_v01.msl qcas_2012_07_v02.tsl qcas_2012_07_v04.psl 
 Finished at Tue Jul 31 12:45:09 2012
 with EXIT_FAILURE
Started at   Tue Jul 31 12:46:25 2012
 T:\MISC\BINIMAGE\qcas\epsig.exe d:\techserv\binimage\*.* qcas_2012_07_v01.msl qcas_2012_07_v02.tsl qcas_2012_07_v04.psl 
Started at   Tue Jul 31 12:47:50 2012
 T:\MISC\BINIMAGE\qcas\epsig.exe d:\techserv\binimage\*.* qcas_2012_07_v01.msl qcas_2012_07_v02.tsl qcas_2012_07_v04.psl 
 Finished at Tue Jul 31 13:52:26 2012
 with EXIT_FAILURE

EPSIG.EXE Version 2.2 Copyright The State of Queensland 1999-2012
Started at   Tue Jul 31 16:20:37 2012
 T:\MISC\BINIMAGE\qcas\epsig.exe d:\techserv\binimage\*.* qcas_2012_07_v01.msl qcas_2012_07_v02.tsl qcas_2012_07_v04.psl 
 Allocating buffer 262144 bytes
 Finished at Tue Jul 31 16:20:59 2012
 with EXIT_FAILURE

EPSIG.EXE Version 2.2 Copyright The State of Queensland 1999-2012
Started at   Tue Jul 31 16:21:06 2012
 T:\MISC\BINIMAGE\qcas\epsig.exe d:\techserv\binimage\*.* qcas_2012_08_v01.msl qcas_2012_07_v02.tsl qcas_2012_08_v02.psl 
 Allocating buffer 262144 bytes
 Finished at Tue Jul 31 16:51:51 2012
 with EXIT_FAILURE

EPSIG.EXE Version 2.2 Copyright The State of Queensland 1999-2012
Started at   Wed Aug 01 15:31:26 2012
 T:\MISC\BINIMAGE\qcas\epsig.exe d:\techserv\binimage\*.* qcas_2012_08_v01.msl qcas_2012_08_v01.tsl qcas_2012_08_v03.psl 
 Allocating buffer 262144 bytes
 Finished at Wed Aug 01 15:38:15 2012
 with EXIT_SUCCESS

EPSIG.EXE Version 2.2 Copyright The State of Queensland 1999-2012
Started at   Wed Aug 01 15:38:23 2012
 T:\MISC\BINIMAGE\qcas\epsig.exe d:\techserv\binimage\*.* qcas_2012_09_v01.msl qcas_2012_08_v01.tsl qcas_2012_09_v01.psl 
 Allocating buffer 262144 bytes
 Finished at Thu Aug 02 10:51:08 2012
 with EXIT_SUCCESS

EPSIG.EXE Version 2.2 Copyright The State of Queensland 1999-2012
Started at   Thu Aug 16 16:08:17 2012
 T:\MISC\BINIMAGE\qcas\epsig.exe d:\techserv\binimage\*.* qcas_2012_08_v01.msl qcas_2012_08_v02.tsl qcas_2012_08_v04.psl 
 Allocating buffer 262144 bytes
 Finished at Thu Aug 16 16:13:12 2012
 with EXIT_FAILURE

EPSIG.EXE Version 2.2 Copyright The State of Queensland 1999-2012
Started at   Thu Aug 16 16:13:19 2012
 T:\MISC\BINIMAGE\qcas\epsig.exe d:\techserv\binimage\*.* qcas_2012_09_v01.msl qcas_2012_08_v02.tsl qcas_2012_09_v02.psl 
 Allocating buffer 262144 bytes
 Finished at Thu Aug 16 16:18:13 2012
 with EXIT_FAILURE

EPSIG.EXE Version 2.2 Copyright The State of Queensland 1999-2012
Started at   Thu Aug 16 16:44:01 2012
 T:\MISC\BINIMAGE\qcas\epsig.exe d:\techserv\binimage\*.* qcas_2012_08_v01.msl qcas_2012_08_v02.tsl qcas_2012_08_v04.psl 
 Allocating buffer 262144 bytes
 Finished at Thu Aug 16 16:48:56 2012
 with EXIT_FAILURE

EPSIG.EXE Version 2.2 Copyright The State of Queensland 1999-2012
Started at   Thu Aug 16 16:49:03 2012
 T:\MISC\BINIMAGE\qcas\epsig.exe d:\techserv\binimage\*.* qcas_2012_09_v01.msl qcas_2012_08_v02.tsl qcas_2012_09_v02.psl 
 Allocating buffer 262144 bytes
 Finished at Thu Aug 16 16:53:57 2012
 with EXIT_FAILURE

EPSIG.EXE Version 2.2 Copyright The State of Queensland 1999-2012
Started at   Thu Aug 16 16:57:25 2012
 T:\MISC\BINIMAGE\qcas\epsig.exe d:\techserv\binimage\*.* qcas_2012_08_v01.msl qcas_2012_08_v02.tsl qcas_2012_08_v04.psl 
 Allocating buffer 262144 bytes
 Finished at Thu Aug 16 17:14:13 2012
 with EXIT_SUCCESS

EPSIG.EXE Version 2.2 Copyright The State of Queensland 1999-2012
Started at   Thu Aug 16 17:14:21 2012
 T:\MISC\BINIMAGE\qcas\epsig.exe d:\techserv\binimage\*.* qcas_2012_09_v01.msl qcas_2012_08_v02.tsl qcas_2012_09_v02.psl 
 Allocating buffer 262144 bytes
 Finished at Thu Aug 16 17:31:03 2012
 with EXIT_SUCCESS

EPSIG.EXE Version 2.2 Copyright The State of Queensland 1999-2012
Started at   Tue Sep 11 11:37:48 2012
 T:\MISC\BINIMAGE\qcas\epsig.exe d:\techserv\binimage\*.* qcas_2012_09_v01.msl qcas_2012_09_v01.tsl qcas_2012_09_v03.psl 
 Allocating buffer 262144 bytes
 Finished at Tue Sep 11 12:24:20 2012
 with EXIT_FAILURE

EPSIG.EXE Version 2.2 Copyright The State of Queensland 1999-2012
Started at   Tue Sep 11 12:24:28 2012
 T:\MISC\BINIMAGE\qcas\epsig.exe d:\techserv\binimage\*.* qcas_2012_10_v01.msl qcas_2012_09_v01.tsl qcas_2012_10_v01.psl 
 Allocating buffer 262144 bytes

EPSIG.EXE Version 2.2 Copyright The State of Queensland 1999-2012
Started at   Tue Sep 11 14:16:51 2012
 T:\MISC\BINIMAGE\qcas\epsig.exe d:\techserv\binimage\*.* qcas_2012_09_v01.msl qcas_2012_09_v01.tsl qcas_2012_09_v03.psl 
 Allocating buffer 262144 bytes
 Finished at Tue Sep 11 15:20:07 2012
 with EXIT_SUCCESS

EPSIG.EXE Version 2.2 Copyright The State of Queensland 1999-2012
Started at   Tue Sep 11 15:20:15 2012
 T:\MISC\BINIMAGE\qcas\epsig.exe d:\techserv\binimage\*.* qcas_2012_10_v01.msl qcas_2012_09_v01.tsl qcas_2012_10_v01.psl 
 Allocating buffer 262144 bytes
 Finished at Wed Sep 12 11:25:07 2012
 with EXIT_SUCCESS

EPSIG.EXE Version 2.2 Copyright The State of Queensland 1999-2012
Started at   Mon Oct 08 12:06:25 2012
 T:\MISC\BINIMAGE\qcas\epsig.exe d:\techserv\binimage\*.* qcas_2012_10_v01.msl qcas_2012_10_v01.tsl qcas_2012_10_v02.psl 
 Allocating buffer 262144 bytes

EPSIG.EXE Version 2.2 Copyright The State of Queensland 1999-2012
Started at   Mon Oct 08 12:26:21 2012
 T:\MISC\BINIMAGE\qcas\epsig.exe d:\techserv\binimage\*.* qcas_2012_10_v01.msl qcas_2012_10_v01.tsl qcas_2012_10_v02.psl 
 Allocating buffer 262144 bytes
 Finished at Mon Oct 08 13:03:56 2012
 with EXIT_SUCCESS

EPSIG.EXE Version 2.2 Copyright The State of Queensland 1999-2012
Started at   Mon Oct 08 13:04:04 2012
 T:\MISC\BINIMAGE\qcas\epsig.exe d:\techserv\binimage\*.* qcas_2012_11_v01.msl qcas_2012_10_v01.tsl qcas_2012_11_v01.psl 
 Allocating buffer 262144 bytes
 Finished at Tue Oct 09 09:18:17 2012
 with EXIT_SUCCESS

EPSIG.EXE Version 2.2 Copyright The State of Queensland 1999-2012
Started at   Wed Oct 24 16:06:57 2012
 T:\MISC\BINIMAGE\qcas\epsig.exe d:\techserv\binimage\*.* qcas_2012_10_v01.msl qcas_2012_10_v02.tsl qcas_2012_10_v03.psl 
 Allocating buffer 262144 bytes
 Finished at Wed Oct 24 16:50:28 2012
 with EXIT_SUCCESS

EPSIG.EXE Version 2.2 Copyright The State of Queensland 1999-2012
Started at   Wed Oct 24 16:50:36 2012
 T:\MISC\BINIMAGE\qcas\epsig.exe d:\techserv\binimage\*.* qcas_2012_11_v01.msl qcas_2012_10_v02.tsl qcas_2012_11_v02.psl 
 Allocating buffer 262144 bytes
 Finished at Wed Oct 24 17:33:51 2012
 with EXIT_SUCCESS

EPSIG.EXE Version 2.2 Copyright The State of Queensland 1999-2012
Started at   Fri Nov 02 15:17:58 2012
 T:\MISC\BINIMAGE\qcas\epsig.exe d:\techserv\binimage\*.* qcas_2012_11_v01.msl qcas_2012_11_v01.tsl qcas_2012_11_v03.psl 
 Allocating buffer 262144 bytes
 Finished at Fri Nov 02 15:26:52 2012
 with EXIT_SUCCESS

EPSIG.EXE Version 2.2 Copyright The State of Queensland 1999-2012
Started at   Fri Nov 02 15:27:00 2012
 T:\MISC\BINIMAGE\qcas\epsig.exe d:\techserv\binimage\*.* qcas_2012_12_v01.msl qcas_2012_11_v01.tsl qcas_2012_12_v01.psl 
 Allocating buffer 262144 bytes
 Finished at Sat Nov 03 12:15:22 2012
 with EXIT_SUCCESS

EPSIG.EXE Version 2.2 Copyright The State of Queensland 1999-2012
Started at   Wed Nov 28 14:55:25 2012
 T:\MISC\BINIMAGE\qcas\epsig.exe d:\techserv\binimage\*.* qcas_2012_11_v01.msl qcas_2012_11_v02.tsl qcas_2012_11_v04.psl 
 Allocating buffer 262144 bytes
 Finished at Wed Nov 28 15:27:56 2012
 with EXIT_SUCCESS

EPSIG.EXE Version 2.2 Copyright The State of Queensland 1999-2012
Started at   Wed Nov 28 15:28:04 2012
 T:\MISC\BINIMAGE\qcas\epsig.exe d:\techserv\binimage\*.* qcas_2012_12_v01.msl qcas_2012_11_v02.tsl qcas_2012_12_v02.psl 
 Allocating buffer 262144 bytes
 Finished at Wed Nov 28 16:00:27 2012
 with EXIT_SUCCESS

EPSIG.EXE Version 2.2 Copyright The State of Queensland 1999-2012
Started at   Wed Dec 05 11:29:46 2012
 T:\MISC\BINIMAGE\qcas\epsig.exe d:\techserv\binimage\*.* qcas_2012_12_v01.msl qcas_2012_12_v01.tsl qcas_2012_12_v03.psl 
 Allocating buffer 262144 bytes
 Finished at Wed Dec 05 11:30:16 2012
 with EXIT_SUCCESS

EPSIG.EXE Version 2.2 Copyright The State of Queensland 1999-2012
Started at   Wed Dec 05 11:30:23 2012
 T:\MISC\BINIMAGE\qcas\epsig.exe d:\techserv\binimage\*.* qcas_2013_01_v01.msl qcas_2012_12_v01.tsl qcas_2013_01_v01.psl 
 Allocating buffer 262144 bytes
 Finished at Thu Dec 06 08:59:22 2012
 with EXIT_SUCCESS

EPSIG.EXE Version 2.2 Copyright The State of Queensland 1999-2012
Started at   Fri Dec 21 09:59:10 2012
 T:\MISC\BINIMAGE\qcas\epsig.exe d:\techserv\binimage\*.* qcas_2012_12_v01.msl qcas_2012_12_v02.tsl qcas_2012_12_v04.psl 
 Allocating buffer 262144 bytes
 Finished at Fri Dec 21 10:28:50 2012
 with EXIT_SUCCESS

EPSIG.EXE Version 2.2 Copyright The State of Queensland 1999-2012
Started at   Fri Dec 21 10:28:59 2012
 T:\MISC\BINIMAGE\qcas\epsig.exe d:\techserv\binimage\*.* qcas_2013_01_v01.msl qcas_2012_12_v02.tsl qcas_2013_01_v02.psl 
 Allocating buffer 262144 bytes
 Finished at Fri Dec 21 10:58:25 2012
 with EXIT_SUCCESS

EPSIG.EXE Version 2.2 Copyright The State of Queensland 1999-2012
Started at   Fri Jan 04 11:32:56 2013
 T:\MISC\BINIMAGE\qcas\epsig.exe d:\techserv\binimage\*.* qcas_2013_01_v01.msl qcas_2013_01_v01.tsl qcas_2013_01_v03.psl 
 Allocating buffer 262144 bytes
 Finished at Fri Jan 04 11:33:19 2013
 with EXIT_SUCCESS

EPSIG.EXE Version 2.2 Copyright The State of Queensland 1999-2012
Started at   Fri Jan 04 11:33:26 2013
 T:\MISC\BINIMAGE\qcas\epsig.exe d:\techserv\binimage\*.* qcas_2013_02_v01.msl qcas_2013_01_v01.tsl qcas_2013_02_v01.psl 
 Allocating buffer 262144 bytes
 Finished at Sat Jan 05 09:25:16 2013
 with EXIT_SUCCESS

EPSIG.EXE Version 2.2 Copyright The State of Queensland 1999-2012
Started at   Mon Feb 04 11:34:51 2013
 T:\MISC\BINIMAGE\qcas\epsig.exe d:\techserv\binimage\*.* qcas_2013_02_v01.msl qcas_2013_02_v01.tsl qcas_2013_02_v02.psl 
 Allocating buffer 262144 bytes
 Finished at Mon Feb 04 12:14:08 2013
 with EXIT_SUCCESS

EPSIG.EXE Version 2.2 Copyright The State of Queensland 1999-2012
Started at   Mon Feb 04 12:14:16 2013
 T:\MISC\BINIMAGE\qcas\epsig.exe d:\techserv\binimage\*.* qcas_2013_03_v01.msl qcas_2013_02_v01.tsl qcas_2013_03_v01.psl 
 Allocating buffer 262144 bytes
 Finished at Tue Feb 05 01:39:18 2013
 with EXIT_SUCCESS

EPSIG.EXE Version 2.2 Copyright The State of Queensland 1999-2012
Started at   Wed Mar 06 12:30:09 2013
 T:\MISC\BINIMAGE\qcas\epsig.exe d:\techserv\binimage\*.* qcas_2013_03_v01.msl qcas_2013_03_v01.tsl qcas_2013_03_v02.psl 
 Allocating buffer 262144 bytes
 Finished at Wed Mar 06 18:18:33 2013
 with EXIT_SUCCESS

EPSIG.EXE Version 2.2 Copyright The State of Queensland 1999-2012
Started at   Wed Mar 06 18:18:41 2013
 T:\MISC\BINIMAGE\qcas\epsig.exe d:\techserv\binimage\*.* qcas_2013_04_v01.msl qcas_2013_03_v01.tsl qcas_2013_04_v01.psl 
 Allocating buffer 262144 bytes
 Finished at Thu Mar 07 21:33:28 2013
 with EXIT_SUCCESS

EPSIG.EXE Version 2.2 Copyright The State of Queensland 1999-2012
Started at   Mon Apr 08 10:57:26 2013
 T:\MISC\BINIMAGE\qcas\epsig.exe d:\techserv\binimage\*.* qcas_2013_04_v01.msl qcas_2013_04_v01.tsl qcas_2013_04_v02.psl 
 Allocating buffer 262144 bytes

EPSIG.EXE Version 2.2 Copyright The State of Queensland 1999-2012
Started at   Mon Apr 08 11:21:45 2013
 T:\MISC\BINIMAGE\qcas\epsig.exe d:\techserv\binimage\*.* qcas_2013_04_v01.msl qcas_2013_04_v01.tsl qcas_2013_04_v02.psl 
 Allocating buffer 262144 bytes
 Finished at Mon Apr 08 12:24:08 2013
 with EXIT_SUCCESS

EPSIG.EXE Version 2.2 Copyright The State of Queensland 1999-2012
Started at   Mon Apr 08 15:02:11 2013
 T:\MISC\BINIMAGE\qcas\epsig.exe d:\techserv\binimage\*.* qcas_2013_05_v01.msl qcas_2013_04_v01.tsl qcas_2013_05_v01.psl 
 Allocating buffer 262144 bytes
 Finished at Tue Apr 09 19:03:38 2013
 with EXIT_SUCCESS

EPSIG.EXE Version 2.2 Copyright The State of Queensland 1999-2012
Started at   Wed May 01 16:52:30 2013
 T:\MISC\BINIMAGE\qcas\epsig.exe d:\techserv\binimage\*.* qcas_2013_05_v01.msl qcas_2013_05_v01.tsl qcas_2013_05_v02.psl 
 Allocating buffer 262144 bytes

EPSIG.EXE Version 2.2 Copyright The State of Queensland 1999-2012
Started at   Wed May 01 16:53:15 2013
 T:\MISC\BINIMAGE\qcas\epsig.exe d:\techserv\binimage\*.* qcas_2013_05_v01.msl qcas_2013_05_v01.tsl qcas_2013_05_v02.psl 
 Allocating buffer 262144 bytes
 Finished at Wed May 01 18:00:21 2013
 with EXIT_SUCCESS

EPSIG.EXE Version 2.2 Copyright The State of Queensland 1999-2012
Started at   Thu May 02 10:43:45 2013
 T:\MISC\BINIMAGE\qcas\epsig.exe d:\techserv\binimage\*.* qcas_2013_05_v01.msl qcas_2013_05_v01.tsl qcas_2013_05_v02.psl 
 Allocating buffer 262144 bytes
 Finished at Thu May 02 10:44:52 2013
 with EXIT_SUCCESS

EPSIG.EXE Version 2.2 Copyright The State of Queensland 1999-2012
Started at   Thu May 02 10:44:59 2013
 T:\MISC\BINIMAGE\qcas\epsig.exe d:\techserv\binimage\*.* qcas_2013_06_v01.msl qcas_2013_05_v01.tsl qcas_2013_06_v01.psl 
 Allocating buffer 262144 bytes
 Finished at Fri May 03 15:28:13 2013
 with EXIT_SUCCESS

EPSIG.EXE Version 2.2 Copyright The State of Queensland 1999-2012
Started at   Thu Jun 06 09:11:11 2013
 T:\MISC\BINIMAGE\qcas\epsig.exe d:\techserv\binimage\*.* qcas_2013_06_v01.msl qcas_2013_06_v01.tsl qcas_2013_06_v02.psl 
 Allocating buffer 262144 bytes
 Finished at Thu Jun 06 10:23:52 2013
 with EXIT_SUCCESS

EPSIG.EXE Version 2.2 Copyright The State of Queensland 1999-2012
Started at   Thu Jun 06 10:24:00 2013
 T:\MISC\BINIMAGE\qcas\epsig.exe d:\techserv\binimage\*.* qcas_2013_07_v01.msl qcas_2013_06_v01.tsl qcas_2013_07_v01.psl 
 Allocating buffer 262144 bytes
 Finished at Fri Jun 07 15:31:22 2013
 with EXIT_SUCCESS

EPSIG.EXE Version 2.2 Copyright The State of Queensland 1999-2012
Started at   Mon Jul 08 09:23:24 2013
 T:\MISC\BINIMAGE\qcas\epsig.exe d:\techserv\binimage\*.* qcas_2013_07_v01.msl qcas_2013_07_v01.tsl qcas_2013_07_v02.psl 
 Allocating buffer 262144 bytes
 Finished at Mon Jul 08 10:17:15 2013
 with EXIT_SUCCESS

EPSIG.EXE Version 2.2 Copyright The State of Queensland 1999-2012
Started at   Mon Jul 08 10:17:23 2013
 T:\MISC\BINIMAGE\qcas\epsig.exe d:\techserv\binimage\*.* qcas_2013_08_v01.msl qcas_2013_07_v01.tsl qcas_2013_08_v01.psl 
 Allocating buffer 262144 bytes
 Finished at Tue Jul 09 15:54:42 2013
 with EXIT_SUCCESS

EPSIG.EXE Version 2.2 Copyright The State of Queensland 1999-2012
Started at   Wed Aug 07 14:46:04 2013
 T:\MISC\BINIMAGE\qcas\epsig.exe /? 
 Allocating buffer 262144 bytes
 Finished at Wed Aug 07 14:46:04 2013
 with EXIT_SUCCESS

EPSIG.EXE Version 2.2 Copyright The State of Queensland 1999-2012
Started at   Thu Aug 08 08:41:56 2013
 T:\MISC\BINIMAGE\qcas\epsig.exe d:\techserv\binimage\*.* qcas_2013_08_v01.msl qcas_2013_08_v01.tsl qcas_2013_08_v02.psl 
 Allocating buffer 262144 bytes
 Finished at Thu Aug 08 09:42:45 2013
 with EXIT_SUCCESS

EPSIG.EXE Version 2.2 Copyright The State of Queensland 1999-2012
Started at   Thu Aug 08 09:42:53 2013
 T:\MISC\BINIMAGE\qcas\epsig.exe d:\techserv\binimage\*.* qcas_2013_09_v01.msl qcas_2013_08_v01.tsl qcas_2013_09_v01.psl 
 Allocating buffer 262144 bytes
 Finished at Fri Aug 09 16:00:17 2013
 with EXIT_SUCCESS

EPSIG.EXE Version 2.2 Copyright The State of Queensland 1999-2012
Started at   Fri Aug 30 15:58:09 2013
 T:\MISC\BINIMAGE\qcas\epsig.exe d:\techserv\binimage\*.* qcas_2013_08_v01.msl qcas_2013_08_v02.tsl qcas_2013_08_v03.psl 
 Allocating buffer 262144 bytes
 Finished at Fri Aug 30 16:03:04 2013
 with EXIT_SUCCESS

EPSIG.EXE Version 2.2 Copyright The State of Queensland 1999-2012
Started at   Fri Aug 30 16:03:12 2013
 T:\MISC\BINIMAGE\qcas\epsig.exe d:\techserv\binimage\*.* qcas_2013_09_v01.msl qcas_2013_08_v02.tsl qcas_2013_09_v02.psl 
 Allocating buffer 262144 bytes
 Finished at Fri Aug 30 16:08:07 2013
 with EXIT_SUCCESS

EPSIG.EXE Version 2.2 Copyright The State of Queensland 1999-2012
Started at   Tue Sep 03 10:57:05 2013
 T:\MISC\BINIMAGE\qcas\epsig.exe d:\techserv\binimage\*.* qcas_2013_09_v01.msl qcas_2013_09_v01.tsl qcas_2013_09_v03.psl 
 Allocating buffer 262144 bytes
 Finished at Tue Sep 03 11:58:34 2013
 with EXIT_FAILURE

EPSIG.EXE Version 2.2 Copyright The State of Queensland 1999-2012
Started at   Tue Sep 03 11:58:41 2013
 T:\MISC\BINIMAGE\qcas\epsig.exe d:\techserv\binimage\*.* qcas_2013_10_v01.msl qcas_2013_09_v01.tsl qcas_2013_10_v01.psl 
 Allocating buffer 262144 bytes
 Finished at Wed Sep 04 18:36:18 2013
 with EXIT_FAILURE

EPSIG.EXE Version 2.2 Copyright The State of Queensland 1999-2012
Started at   Fri Sep 06 10:36:19 2013
 T:\MISC\BINIMAGE\qcas\epsig.exe d:\techserv\binimage\*.* qcas_2013_09_v01.msl qcas_2013_09_v01.tsl qcas_2013_09_v03.psl 
 Allocating buffer 262144 bytes
 Finished at Fri Sep 06 11:38:27 2013
 with EXIT_SUCCESS

EPSIG.EXE Version 2.2 Copyright The State of Queensland 1999-2012
Started at   Fri Sep 06 11:38:36 2013
 T:\MISC\BINIMAGE\qcas\epsig.exe d:\techserv\binimage\*.* qcas_2013_10_v01.msl qcas_2013_09_v01.tsl qcas_2013_10_v01.psl 
 Allocating buffer 262144 bytes
 Finished at Fri Sep 06 12:02:57 2013
 with EXIT_SUCCESS

EPSIG.EXE Version 2.2 Copyright The State of Queensland 1999-2012
Started at   Wed Oct 09 10:37:59 2013
 T:\MISC\BINIMAGE\qcas\epsig.exe d:\techserv\binimage\*.* qcas_2013_10_v01.msl qcas_2013_10_v01.tsl qcas_2013_10_v02.psl 
 Allocating buffer 262144 bytes
 Finished at Wed Oct 09 11:11:08 2013
 with EXIT_SUCCESS

EPSIG.EXE Version 2.2 Copyright The State of Queensland 1999-2012
Started at   Wed Oct 09 11:11:17 2013
 T:\MISC\BINIMAGE\qcas\epsig.exe d:\techserv\binimage\*.* qcas_2013_11_v01.msl qcas_2013_10_v01.tsl qcas_2013_11_v01.psl 
 Allocating buffer 262144 bytes
 Finished at Thu Oct 10 06:04:29 2013
 with EXIT_SUCCESS

EPSIG.EXE Version 2.2 Copyright The State of Queensland 1999-2012
Started at   Tue Nov 05 08:01:22 2013
 T:\MISC\BINIMAGE\qcas\epsig.exe d:\techserv\binimage\*.* qcas_2013_11_v01.msl qcas_2013_11_v01.tsl qcas_2013_11_v02.psl 
 Allocating buffer 262144 bytes
 Finished at Tue Nov 05 09:25:44 2013
 with EXIT_SUCCESS

EPSIG.EXE Version 2.2 Copyright The State of Queensland 1999-2012
Started at   Tue Nov 05 09:25:52 2013
 T:\MISC\BINIMAGE\qcas\epsig.exe d:\techserv\binimage\*.* qcas_2013_12_v01.msl qcas_2013_11_v01.tsl qcas_2013_12_v01.psl 
 Allocating buffer 262144 bytes

EPSIG.EXE Version 2.2 Copyright The State of Queensland 1999-2012
Started at   Mon Nov 11 09:48:48 2013
 T:\MISC\BINIMAGE\qcas\epsig.exe d:\techserv\binimage\*.* qcas_2013_12_v01.msl qcas_2013_11_v01.tsl qcas_2013_12_v01.psl 
 Allocating buffer 262144 bytes
 Finished at Tue Nov 12 08:20:57 2013
 with EXIT_SUCCESS

EPSIG.EXE Version 2.2 Copyright The State of Queensland 1999-2012
Started at   Thu Nov 21 17:38:14 2013
 T:\MISC\BINIMAGE\qcas\epsig.exe d:\techserv\binimage\*.* qcas_2013_12_v01.msl qcas_2013_11_v02.tsl qcas_2013_12_v02.psl 
 Allocating buffer 262144 bytes
 Finished at Fri Nov 22 08:18:41 2013
 with EXIT_SUCCESS

EPSIG.EXE Version 2.2 Copyright The State of Queensland 1999-2012
Started at   Fri Nov 22 11:57:37 2013
 T:\MISC\BINIMAGE\qcas\epsig.exe d:\techserv\binimage\*.* qcas_2013_11_v01.msl qcas_2013_11_v02.tsl qcas_2013_11_v03.psl 
 Allocating buffer 262144 bytes

EPSIG.EXE Version 2.2 Copyright The State of Queensland 1999-2012
Started at   Fri Nov 22 12:02:29 2013
 T:\MISC\BINIMAGE\qcas\epsig.exe d:\techserv\binimage\*.* qcas_2013_11_v01.msl qcas_2013_11_v02.tsl qcas_2013_11_v03.psl 
 Allocating buffer 262144 bytes
 Finished at Fri Nov 22 20:52:02 2013
 with EXIT_SUCCESS

EPSIG.EXE Version 2.2 Copyright The State of Queensland 1999-2012
Started at   Thu Mar 06 11:34:40 2014
 G:\OLGR-TECHSERV\MISC\BINIMAGE\qcas\epsig.exe d:\techserv\binimage\*.* qcas_2014_03_v01.msl qcas_2014_03_v01.tsl qcas_2014_03_v02.psl 
 Allocating buffer 262144 bytes
 Finished at Thu Mar 06 12:53:24 2014
 with EXIT_SUCCESS

EPSIG.EXE Version 2.2 Copyright The State of Queensland 1999-2012
Started at   Thu Mar 06 12:53:31 2014
 G:\OLGR-TECHSERV\MISC\BINIMAGE\qcas\epsig.exe d:\techserv\binimage\*.* qcas_2014_04_v01.msl qcas_2014_03_v01.tsl qcas_2014_04_v01.psl 
 Allocating buffer 262144 bytes
 Finished at Fri Mar 07 10:35:48 2014
 with EXIT_SUCCESS

EPSIG.EXE Version 2.2 Copyright The State of Queensland 1999-2012
Started at   Tue Mar 11 11:20:48 2014
 G:\OLGR-TECHSERV\MISC\BINIMAGE\qcas\epsig.exe d:\techserv\binimage\*.* qcas_2014_03_v01.msl qcas_2014_03_v02.tsl qcas_2014_03_v03.psl 
 Allocating buffer 262144 bytes
 Finished at Tue Mar 11 11:52:51 2014
 with EXIT_SUCCESS

EPSIG.EXE Version 2.2 Copyright The State of Queensland 1999-2012
Started at   Tue Mar 11 11:52:58 2014
 G:\OLGR-TECHSERV\MISC\BINIMAGE\qcas\epsig.exe d:\techserv\binimage\*.* qcas_2014_04_v01.msl qcas_2014_03_v02.tsl qcas_2014_04_v02.psl 
 Allocating buffer 262144 bytes
 Finished at Tue Mar 11 12:25:05 2014
 with EXIT_SUCCESS

EPSIG.EXE Version 2.2 Copyright The State of Queensland 1999-2012
Started at   Wed Apr 02 15:48:40 2014
 G:\OLGR-TECHSERV\MISC\BINIMAGE\qcas\epsig.exe d:\techserv\binimage\*.* qcas_2014_04_v01.msl qcas_2014_04_v01.tsl qcas_2014_04_v03.psl 
 Allocating buffer 262144 bytes
 Finished at Wed Apr 02 16:34:30 2014
 with EXIT_SUCCESS

EPSIG.EXE Version 2.2 Copyright The State of Queensland 1999-2012
Started at   Wed Apr 02 16:34:37 2014
 G:\OLGR-TECHSERV\MISC\BINIMAGE\qcas\epsig.exe d:\techserv\binimage\*.* qcas_2014_05_v01.msl qcas_2014_04_v01.tsl qcas_2014_05_v01.psl 
 Allocating buffer 262144 bytes
 Finished at Thu Apr 03 15:48:36 2014
 with EXIT_SUCCESS

EPSIG.EXE Version 2.2 Copyright The State of Queensland 1999-2012
Started at   Fri Apr 04 10:36:23 2014
 G:\OLGR-TECHSERV\MISC\BINIMAGE\qcas\epsig.exe d:\techserv\binimage\*.* qcas_2014_04_v01.msl qcas_2014_04_v01.tsl qcas_2014_04_v03.psl 
 Allocating buffer 262144 bytes
 Finished at Fri Apr 04 10:39:12 2014
 with EXIT_SUCCESS

EPSIG.EXE Version 2.2 Copyright The State of Queensland 1999-2012
Started at   Fri Apr 04 10:39:20 2014
 G:\OLGR-TECHSERV\MISC\BINIMAGE\qcas\epsig.exe d:\techserv\binimage\*.* qcas_2014_05_v01.msl qcas_2014_04_v01.tsl qcas_2014_05_v01.psl 
 Allocating buffer 262144 bytes
 Finished at Fri Apr 04 10:42:01 2014
 with EXIT_SUCCESS

EPSIG.EXE Version 2.2 Copyright The State of Queensland 1999-2012
Started at   Wed Apr 30 11:12:08 2014
 G:\OLGR-TECHSERV\MISC\BINIMAGE\qcas\epsig.exe d:\techserv\binimage\*.* qcas_2014_04_v01.msl qcas_2014_04_v02.tsl qcas_2014_04_v04.psl 
 Allocating buffer 262144 bytes
 Finished at Wed Apr 30 11:37:19 2014
 with EXIT_SUCCESS

EPSIG.EXE Version 2.2 Copyright The State of Queensland 1999-2012
Started at   Wed Apr 30 11:37:27 2014
 G:\OLGR-TECHSERV\MISC\BINIMAGE\qcas\epsig.exe d:\techserv\binimage\*.* qcas_2014_05_v01.msl qcas_2014_04_v02.tsl qcas_2014_05_v02.psl 
 Allocating buffer 262144 bytes
 Finished at Wed Apr 30 12:02:39 2014
 with EXIT_SUCCESS

EPSIG.EXE Version 2.2 Copyright The State of Queensland 1999-2012
Started at   Thu May 01 10:33:31 2014
 G:\OLGR-TECHSERV\MISC\BINIMAGE\qcas\epsig.exe d:\techserv\binimage\*.* qcas_2014_05_v01.msl qcas_2014_04_v02.tsl qcas_2014_05_v03.psl 
 Allocating buffer 262144 bytes
 Finished at Thu May 01 10:44:41 2014
 with EXIT_SUCCESS

EPSIG.EXE Version 2.2 Copyright The State of Queensland 1999-2012
Started at   Mon May 05 11:59:08 2014
 G:\OLGR-TECHSERV\MISC\BINIMAGE\qcas\epsig.exe d:\techserv\binimage\*.* qcas_2014_05_v01.msl qcas_2014_05_v01.tsl qcas_2014_05_v04.psl 
 Allocating buffer 262144 bytes
 Finished at Mon May 05 12:12:58 2014
 with EXIT_SUCCESS

EPSIG.EXE Version 2.2 Copyright The State of Queensland 1999-2012
Started at   Mon May 05 12:13:05 2014
 G:\OLGR-TECHSERV\MISC\BINIMAGE\qcas\epsig.exe d:\techserv\binimage\*.* qcas_2014_06_v01.msl qcas_2014_05_v01.tsl qcas_2014_06_v01.psl 
 Allocating buffer 262144 bytes
 Finished at Mon May 05 19:54:32 2014
 with EXIT_FAILURE

EPSIG.EXE Version 2.2 Copyright The State of Queensland 1999-2012
Started at   Wed May 07 09:20:01 2014
 G:\OLGR-TECHSERV\MISC\BINIMAGE\qcas\epsig.exe d:\techserv\binimage\*.* qcas_2014_06_v01.msl qcas_2014_05_v01.tsl qcas_2014_06_v01.psl 
 Allocating buffer 262144 bytes

EPSIG.EXE Version 2.2 Copyright The State of Queensland 1999-2012
Started at   Thu May 08 10:49:24 2014
 G:\OLGR-TECHSERV\MISC\BINIMAGE\qcas\epsig.exe d:\techserv\binimage\*.* qcas_2014_06_v01.msl qcas_2014_05_v01.tsl qcas_2014_06_v01.psl 
 Allocating buffer 262144 bytes
 Finished at Thu May 08 11:19:05 2014
 with EXIT_SUCCESS

EPSIG.EXE Version 2.2 Copyright The State of Queensland 1999-2012
Started at   Tue Jun 03 10:19:28 2014
 G:\OLGR-TECHSERV\MISC\BINIMAGE\qcas\epsig.exe d:\techserv\binimage\*.* qcas_2014_07_v01.msl qcas_2014_06_v01.tsl qcas_2014_07_v01.psl 
 Allocating buffer 262144 bytes
 Finished at Wed Jun 04 10:00:41 2014
 with EXIT_SUCCESS

EPSIG.EXE Version 2.2 Copyright The State of Queensland 1999-2012
Started at   Wed Jun 04 13:50:48 2014
 G:\OLGR-TECHSERV\MISC\BINIMAGE\qcas\epsig.exe d:\techserv\binimage\*.* qcas_2014_06_v01.msl qcas_2014_06_v01.tsl qcas_2014_06_v02.psl 
 Allocating buffer 262144 bytes
 Finished at Wed Jun 04 15:07:34 2014
 with EXIT_SUCCESS

EPSIG.EXE Version 2.2 Copyright The State of Queensland 1999-2012
Started at   Thu Jul 03 10:38:10 2014
 G:\OLGR-TECHSERV\MISC\BINIMAGE\qcas\epsig.exe d:\techserv\binimage\*.* qcas_2014_07_v01.msl qcas_2014_07_v01.tsl qcas_2014_07_v02.psl 
 Allocating buffer 262144 bytes
 Finished at Thu Jul 03 12:07:11 2014
 with EXIT_SUCCESS

EPSIG.EXE Version 2.2 Copyright The State of Queensland 1999-2012
Started at   Thu Jul 03 12:07:18 2014
 G:\OLGR-TECHSERV\MISC\BINIMAGE\qcas\epsig.exe d:\techserv\binimage\*.* qcas_2014_08_v01.msl qcas_2014_07_v01.tsl qcas_2014_08_v01.psl 
 Allocating buffer 262144 bytes
 Finished at Fri Jul 04 13:00:28 2014
 with EXIT_SUCCESS

EPSIG.EXE Version 2.2 Copyright The State of Queensland 1999-2012
Started at   Fri Jul 04 14:51:23 2014
 G:\OLGR-TECHSERV\MISC\BINIMAGE\qcas\epsig.exe d:\techserv\binimage\*.* qcas_2014_07_v01.msl qcas_2014_07_v01.tsl qcas_2014_07_v02.psl 
 Allocating buffer 262144 bytes
 Finished at Fri Jul 04 14:51:53 2014
 with EXIT_SUCCESS

EPSIG.EXE Version 2.2 Copyright The State of Queensland 1999-2012
Started at   Fri Jul 04 14:52:00 2014
 G:\OLGR-TECHSERV\MISC\BINIMAGE\qcas\epsig.exe d:\techserv\binimage\*.* qcas_2014_08_v01.msl qcas_2014_07_v01.tsl qcas_2014_08_v01.psl 
 Allocating buffer 262144 bytes
 Finished at Fri Jul 04 14:52:33 2014
 with EXIT_SUCCESS

EPSIG.EXE Version 2.2 Copyright The State of Queensland 1999-2012
Started at   Fri Jul 04 15:17:41 2014
 G:\OLGR-TECHSERV\MISC\BINIMAGE\qcas\epsig.exe d:\techserv\binimage\*.* testseed.msl testin.tsl testout.psl 
 Allocating buffer 262144 bytes
 Finished at Fri Jul 04 15:18:12 2014
 with EXIT_SUCCESS

EPSIG.EXE Version 2.2 Copyright The State of Queensland 1999-2012
Started at   Wed Jul 23 09:18:42 2014
 G:\OLGR-TECHSERV\MISC\BINIMAGE\qcas\epsig.exe d:\techserv\binimage\*.* qcas_2014_07_v01.msl qcas_2014_07_v01.tsl qcas_2014_07_v03.psl 
 Allocating buffer 262144 bytes
 Finished at Wed Jul 23 09:19:16 2014
 with EXIT_SUCCESS

EPSIG.EXE Version 2.2 Copyright The State of Queensland 1999-2012
Started at   Wed Jul 23 09:19:23 2014
 G:\OLGR-TECHSERV\MISC\BINIMAGE\qcas\epsig.exe d:\techserv\binimage\*.* qcas_2014_08_v01.msl qcas_2014_07_v01.tsl qcas_2014_08_v02.psl 
 Allocating buffer 262144 bytes
 Finished at Wed Jul 23 09:19:58 2014
 with EXIT_SUCCESS

EPSIG.EXE Version 2.2 Copyright The State of Queensland 1999-2012
Started at   Wed Aug 06 09:36:11 2014
 G:\OLGR-TECHSERV\MISC\BINIMAGE\qcas\epsig.exe d:\techserv\binimage\*.* qcas_2014_08_v02.msl qcas_2014_08_v01.tsl qcas_2014_08_v03.psl 
 Allocating buffer 262144 bytes

EPSIG.EXE Version 2.2 Copyright The State of Queensland 1999-2012
Started at   Wed Aug 06 16:11:56 2014
 G:\OLGR-TECHSERV\MISC\BINIMAGE\qcas\epsig.exe d:\techserv\binimage\*.* qcas_2014_08_v01.msl qcas_2014_08_v01.tsl qcas_2014_08_v03.psl 
 Allocating buffer 262144 bytes
 Finished at Wed Aug 06 17:42:26 2014
 with EXIT_SUCCESS

EPSIG.EXE Version 2.2 Copyright The State of Queensland 1999-2012
Started at   Wed Aug 06 17:42:34 2014
 G:\OLGR-TECHSERV\MISC\BINIMAGE\qcas\epsig.exe d:\techserv\binimage\*.* qcas_2014_09_v01.msl qcas_2014_08_v01.tsl qcas_2014_09_v01.psl 
 Allocating buffer 262144 bytes
 Finished at Thu Aug 07 19:34:27 2014
 with EXIT_SUCCESS

EPSIG.EXE Version 2.2 Copyright The State of Queensland 1999-2012
Started at   Tue Sep 02 11:27:51 2014
 G:\OLGR-TECHSERV\MISC\BINIMAGE\qcas\epsig.exe d:\techserv\binimage\*.* qcas_2014_09_v01.msl qcas_2014_08_v01.tsl qcas_2014_09_v02.psl 
 Allocating buffer 262144 bytes
 Finished at Tue Sep 02 11:28:31 2014
 with EXIT_SUCCESS

EPSIG.EXE Version 2.2 Copyright The State of Queensland 1999-2012
Started at   Mon Sep 15 15:17:25 2014
 G:\OLGR-TECHSERV\MISC\BINIMAGE\qcas\epsig.exe d:\techserv\binimage\*.* qcas_2014_09_v01.msl qcas_2014_09_v01.tsl qcas_2014_09_v03.psl 
 Allocating buffer 262144 bytes
 Finished at Mon Sep 15 16:29:20 2014
 with EXIT_SUCCESS

EPSIG.EXE Version 2.2 Copyright The State of Queensland 1999-2012
Started at   Mon Sep 15 16:29:28 2014
 G:\OLGR-TECHSERV\MISC\BINIMAGE\qcas\epsig.exe d:\techserv\binimage\*.* qcas_2014_10_v01.msl qcas_2014_09_v01.tsl qcas_2014_10_v01.psl 
 Allocating buffer 262144 bytes
 Finished at Tue Sep 16 18:59:46 2014
 with EXIT_SUCCESS

EPSIG.EXE Version 2.2 Copyright The State of Queensland 1999-2012
Started at   Wed Sep 17 10:48:05 2014
 G:\OLGR-TECHSERV\MISC\BINIMAGE\qcas\epsig.exe d:\techserv\binimage\*.* qcas_2014_09_v01.msl qcas_2014_09_v01.tsl qcas_2014_09_v03.psl 
 Allocating buffer 262144 bytes
 Finished at Wed Sep 17 10:48:41 2014
 with EXIT_SUCCESS

EPSIG.EXE Version 2.2 Copyright The State of Queensland 1999-2012
Started at   Wed Sep 17 10:48:48 2014
 G:\OLGR-TECHSERV\MISC\BINIMAGE\qcas\epsig.exe d:\techserv\binimage\*.* qcas_2014_10_v01.msl qcas_2014_09_v01.tsl qcas_2014_10_v01.psl 
 Allocating buffer 262144 bytes
 Finished at Wed Sep 17 10:49:26 2014
 with EXIT_SUCCESS

EPSIG.EXE Version 3.3 Copyright The State of Queensland 1999-2014
Started at   Wed Oct 08 09:05:36 2014
 G:\OLGR-TECHSERV\MISC\BINIMAGE\qcas\epsigQCAS3_3.exe d:\techserv\binimage\*.* qcas_2014_10_v01.msl qcas_2014_10_v01.tsl qcas_2014_10_v02.psl 
 Allocating buffer 262144 bytes
 Finished at Wed Oct 08 09:30:03 2014
 with EXIT_SUCCESS

EPSIG.EXE Version 3.3 Copyright The State of Queensland 1999-2014
Started at   Wed Oct 08 09:30:08 2014
 G:\OLGR-TECHSERV\MISC\BINIMAGE\qcas\epsigQCAS3_3.exe d:\techserv\binimage\*.* qcas_2014_11_v01.msl qcas_2014_10_v01.tsl qcas_2014_11_v01.psl 
 Allocating buffer 262144 bytes
 Finished at Thu Oct 09 12:04:25 2014
 with EXIT_SUCCESS

EPSIG.EXE Version 3.3 Copyright The State of Queensland 1999-2014
Started at   Mon Nov 10 14:13:12 2014
 G:\OLGR-TECHSERV\MISC\BINIMAGE\qcas\epsigQCAS3_3.exe d:\techserv\binimage\*.* qcas_2014_11_v01.msl qcas_2014_11_v01.tsl qcas_2014_11_v02.psl 
 Allocating buffer 262144 bytes
 Finished at Mon Nov 10 14:58:46 2014
 with EXIT_SUCCESS

EPSIG.EXE Version 3.3 Copyright The State of Queensland 1999-2014
Started at   Mon Nov 10 14:58:52 2014
 G:\OLGR-TECHSERV\MISC\BINIMAGE\qcas\epsigQCAS3_3.exe d:\techserv\binimage\*.* qcas_2014_12_v01.msl qcas_2014_11_v01.tsl qcas_2014_12_v01.psl 
 Allocating buffer 262144 bytes
 Finished at Tue Nov 11 18:03:11 2014
 with EXIT_SUCCESS

EPSIG.EXE Version 3.3 Copyright The State of Queensland 1999-2014
Started at   Thu Dec 04 09:36:27 2014
 G:\OLGR-TECHSERV\MISC\BINIMAGE\qcas\epsigQCAS3_3.exe d:\techserv\binimage\*.* qcas_2014_12_v01.msl qcas_2014_12_v01.tsl qcas_2014_12_v02.psl 
 Allocating buffer 262144 bytes
 Finished at Thu Dec 04 10:26:19 2014
 with EXIT_SUCCESS

EPSIG.EXE Version 3.3 Copyright The State of Queensland 1999-2014
Started at   Thu Dec 04 10:26:24 2014
 G:\OLGR-TECHSERV\MISC\BINIMAGE\qcas\epsigQCAS3_3.exe d:\techserv\binimage\*.* qcas_2015_01_v01.msl qcas_2014_12_v01.tsl qcas_2015_01_v01.psl 
 Allocating buffer 262144 bytes
 Finished at Fri Dec 05 14:13:23 2014
 with EXIT_SUCCESS

EPSIG.EXE Version 3.3 Copyright The State of Queensland 1999-2014
Started at   Mon Jan 12 10:30:31 2015
 G:\OLGR-TECHSERV\MISC\BINIMAGE\qcas\epsigQCAS3_3.exe d:\techserv\binimage\*.* qcas_2015_01_v01.msl qcas_2015_01_v01.tsl qcas_2015_01_v02.psl 
 Allocating buffer 262144 bytes
 Finished at Mon Jan 12 10:57:46 2015
 with EXIT_FAILURE

EPSIG.EXE Version 3.3 Copyright The State of Queensland 1999-2014
Started at   Mon Jan 12 10:57:51 2015
 G:\OLGR-TECHSERV\MISC\BINIMAGE\qcas\epsigQCAS3_3.exe d:\techserv\binimage\*.* qcas_2015_02_v01.msl qcas_2015_01_v01.tsl qcas_2015_02_v01.psl 
 Allocating buffer 262144 bytes
 Finished at Tue Jan 13 14:38:23 2015
 with EXIT_FAILURE

EPSIG.EXE Version 3.3 Copyright The State of Queensland 1999-2014
Started at   Wed Jan 14 08:45:36 2015
 G:\OLGR-TECHSERV\MISC\BINIMAGE\qcas\epsigQCAS3_3.exe d:\techserv\binimage\*.* qcas_2015_01_v01.msl qcas_2015_01_v01.tsl qcas_2015_01_v02.psl 
 Allocating buffer 262144 bytes
 Finished at Wed Jan 14 09:02:14 2015
 with EXIT_SUCCESS

EPSIG.EXE Version 3.3 Copyright The State of Queensland 1999-2014
Started at   Wed Jan 14 09:02:19 2015
 G:\OLGR-TECHSERV\MISC\BINIMAGE\qcas\epsigQCAS3_3.exe d:\techserv\binimage\*.* qcas_2015_02_v01.msl qcas_2015_01_v01.tsl qcas_2015_02_v01.psl 
 Allocating buffer 262144 bytes
 Finished at Wed Jan 14 09:19:00 2015
 with EXIT_SUCCESS

EPSIG.EXE Version 3.3 Copyright The State of Queensland 1999-2014
Started at   Thu Feb 05 10:31:05 2015
 G:\OLGR-TECHSERV\MISC\BINIMAGE\qcas\epsigQCAS3_3.exe d:\techserv\binimage\*.* qcas_2015_02_v01.msl qcas_2015_02_v01.tsl qcas_2015_02_v02.psl 
 Allocating buffer 262144 bytes
 Finished at Thu Feb 05 11:38:53 2015
 with EXIT_SUCCESS

EPSIG.EXE Version 3.3 Copyright The State of Queensland 1999-2014
Started at   Thu Feb 05 11:38:59 2015
 G:\OLGR-TECHSERV\MISC\BINIMAGE\qcas\epsigQCAS3_3.exe d:\techserv\binimage\*.* qcas_2015_03_v01.msl qcas_2015_02_v01.tsl qcas_2015_03_v01.psl 
 Allocating buffer 262144 bytes
 Finished at Fri Feb 06 16:23:50 2015
 with EXIT_SUCCESS

EPSIG.EXE Version 3.3 Copyright The State of Queensland 1999-2014
Started at   Wed Mar 04 15:40:57 2015
 G:\OLGR-TECHSERV\MISC\BINIMAGE\qcas\epsigQCAS3_3.exe d:\techserv\binimage\*.* qcas_2015_03_v01.msl qcas_2015_03_v01.tsl qcas_2015_03_v02.psl 
 Allocating buffer 262144 bytes
 Finished at Wed Mar 04 16:07:03 2015
 with EXIT_SUCCESS

EPSIG.EXE Version 3.3 Copyright The State of Queensland 1999-2014
Started at   Wed Mar 04 16:07:08 2015
 G:\OLGR-TECHSERV\MISC\BINIMAGE\qcas\epsigQCAS3_3.exe d:\techserv\binimage\*.* qcas_2015_04_v01.msl qcas_2015_03_v01.tsl qcas_2015_04_v01.psl 
 Allocating buffer 262144 bytes
 Finished at Thu Mar 05 20:53:04 2015
 with EXIT_SUCCESS

EPSIG.EXE Version 3.4 Copyright The State of Queensland 1999-2015
Started at   Fri Mar 20 08:58:38 2015
 G:\OLGR-TECHSERV\MISC\BINIMAGE\qcas\epsigQCAS3_4.exe G:\OLGR-TECHSERV\BINIMAGE\*.* qcas_2015_03_v01.msl qcas_2015_03_v02.tsl qcas_2015_03_v03.psl 
 Allocating buffer 262144 bytes
 Finished at Fri Mar 20 09:01:36 2015
 with EXIT_FAILURE

EPSIG.EXE Version 3.4 Copyright The State of Queensland 1999-2015
Started at   Fri Mar 20 09:01:42 2015
 G:\OLGR-TECHSERV\MISC\BINIMAGE\qcas\epsigQCAS3_4.exe G:\OLGR-TECHSERV\BINIMAGE\*.* qcas_2015_04_v01.msl qcas_2015_03_v02.tsl qcas_2015_04_v02.psl 
 Allocating buffer 262144 bytes
 Finished at Fri Mar 20 09:04:36 2015
 with EXIT_FAILURE

EPSIG.EXE Version 3.4 Copyright The State of Queensland 1999-2015
Started at   Fri Mar 20 09:13:41 2015
 G:\OLGR-TECHSERV\MISC\BINIMAGE\qcas\epsigQCAS3_4.exe G:\OLGR-TECHSERV\BINIMAGE\*.* qcas_2015_03_v01.msl qcas_2015_03_v02.tsl qcas_2015_03_v03.psl 
 Allocating buffer 262144 bytes
 Finished at Fri Mar 20 09:14:43 2015
 with EXIT_SUCCESS

EPSIG.EXE Version 3.4 Copyright The State of Queensland 1999-2015
Started at   Fri Mar 20 09:14:48 2015
 G:\OLGR-TECHSERV\MISC\BINIMAGE\qcas\epsigQCAS3_4.exe G:\OLGR-TECHSERV\BINIMAGE\*.* qcas_2015_04_v01.msl qcas_2015_03_v02.tsl qcas_2015_04_v02.psl 
 Allocating buffer 262144 bytes
 Finished at Fri Mar 20 09:15:50 2015
 with EXIT_SUCCESS

EPSIG.EXE Version 3.4 Copyright The State of Queensland 1999-2015
Started at   Wed Mar 25 14:21:41 2015
 G:\OLGR-TECHSERV\MISC\BINIMAGE\qcas\epsigQCAS3_4.exe 
 Allocating buffer 262144 bytes
 Finished at Wed Mar 25 14:21:41 2015
 with EXIT_SUCCESS

EPSIG.EXE Version 3.4 Copyright The State of Queensland 1999-2015
Started at   Tue Apr 07 15:01:05 2015
 G:\OLGR-TECHSERV\MISC\BINIMAGE\qcas\epsigQCAS3_4.exe D:\techserv\binimage\*.* qcas_2015_04_v01.msl qcas_2015_04_v01.tsl qcas_2015_04_v03.psl 
 Allocating buffer 262144 bytes
 Finished at Tue Apr 07 16:53:17 2015
 with EXIT_SUCCESS

EPSIG.EXE Version 3.4 Copyright The State of Queensland 1999-2015
Started at   Tue Apr 07 16:53:22 2015
 G:\OLGR-TECHSERV\MISC\BINIMAGE\qcas\epsigQCAS3_4.exe D:\techserv\binimage\*.* qcas_2015_05_v01.msl qcas_2015_04_v01.tsl qcas_2015_05_v01.psl 
 Allocating buffer 262144 bytes
 Finished at Wed Apr 08 22:50:00 2015
 with EXIT_SUCCESS

EPSIG.EXE Version 3.4 Copyright The State of Queensland 1999-2015
Started at   Wed May 06 09:13:55 2015
 G:\OLGR-TECHSERV\MISC\BINIMAGE\qcas\epsigQCAS3_4.exe D:\techserv\binimage\*.* qcas_2015_05_v01.msl qcas_2015_04_v02.tsl qcas_2015_05_v02.psl 
 Allocating buffer 262144 bytes

EPSIG.EXE Version 3.4 Copyright The State of Queensland 1999-2015
Started at   Wed May 06 09:26:52 2015
 G:\OLGR-TECHSERV\MISC\BINIMAGE\qcas\epsigQCAS3_4.exe D:\techserv\binimage\*.* qcas_2015_05_v01.msl qcas_2015_04_v02.tsl qcas_2015_05_v02.psl 
 Allocating buffer 262144 bytes
 Finished at Wed May 06 09:29:08 2015
 with EXIT_SUCCESS

EPSIG.EXE Version 3.4 Copyright The State of Queensland 1999-2015
Started at   Wed May 06 10:31:51 2015
 G:\OLGR-TECHSERV\MISC\BINIMAGE\qcas\epsigQCAS3_4.exe D:\techserv\binimage\*.* qcas_2015_05_v01.msl qcas_2015_05_v01.tsl qcas_2015_05_v03.psl 
 Allocating buffer 262144 bytes
 Finished at Wed May 06 10:31:51 2015
 with EXIT_FAILURE

EPSIG.EXE Version 3.4 Copyright The State of Queensland 1999-2015
Started at   Wed May 06 10:31:56 2015
 G:\OLGR-TECHSERV\MISC\BINIMAGE\qcas\epsigQCAS3_4.exe D:\techserv\binimage\*.* qcas_2015_06_v01.msl qcas_2015_05_v01.tsl qcas_2015_06_v01.psl 
 Allocating buffer 262144 bytes
 Finished at Wed May 06 10:31:56 2015
 with EXIT_FAILURE

EPSIG.EXE Version 3.4 Copyright The State of Queensland 1999-2015
Started at   Wed May 06 10:32:37 2015
 G:\OLGR-TECHSERV\MISC\BINIMAGE\qcas\epsigQCAS3_4.exe D:\techserv\binimage\*.* qcas_2015_05_v01.msl qcas_2015_05_v01.tsl qcas_2015_05_v03.psl 
 Allocating buffer 262144 bytes
 Finished at Wed May 06 13:32:17 2015
 with EXIT_SUCCESS

EPSIG.EXE Version 3.4 Copyright The State of Queensland 1999-2015
Started at   Wed May 06 13:32:23 2015
 G:\OLGR-TECHSERV\MISC\BINIMAGE\qcas\epsigQCAS3_4.exe D:\techserv\binimage\*.* qcas_2015_06_v01.msl qcas_2015_05_v01.tsl qcas_2015_06_v01.psl 
 Allocating buffer 262144 bytes
 Finished at Thu May 07 20:15:29 2015
 with EXIT_SUCCESS

EPSIG.EXE Version 3.4 Copyright The State of Queensland 1999-2015
Started at   Fri Jun 05 10:51:32 2015
 G:\OLGR-TECHSERV\MISC\BINIMAGE\qcas\epsigQCAS3_4.exe D:\techserv\binimage\*.* qcas_2015_06_v01.msl qcas_2015_06_v01.tsl qcas_2015_06_v02.psl 
 Allocating buffer 262144 bytes
 Finished at Sat Jun 06 18:25:11 2015
 with EXIT_FAILURE

EPSIG.EXE Version 3.4 Copyright The State of Queensland 1999-2015
Started at   Sat Jun 06 18:25:17 2015
 G:\OLGR-TECHSERV\MISC\BINIMAGE\qcas\epsigQCAS3_4.exe D:\techserv\binimage\*.* qcas_2015_07_v01.msl qcas_2015_06_v01.tsl qcas_2015_07_v01.psl 
 Allocating buffer 262144 bytes
 Finished at Mon Jun 08 02:22:26 2015
 with EXIT_FAILURE

EPSIG.EXE Version 3.4 Copyright The State of Queensland 1999-2015
Started at   Tue Jun 09 14:12:35 2015
 G:\OLGR-TECHSERV\MISC\BINIMAGE\qcas\epsigQCAS3_4.exe D:\techserv\binimage\*.* qcas_2015_06_v01.msl qcas_2015_06_v01.tsl qcas_2015_06_v02.psl 
 Allocating buffer 262144 bytes
 Finished at Tue Jun 09 14:39:17 2015
 with EXIT_SUCCESS

EPSIG.EXE Version 3.4 Copyright The State of Queensland 1999-2015
Started at   Tue Jun 09 14:39:23 2015
 G:\OLGR-TECHSERV\MISC\BINIMAGE\qcas\epsigQCAS3_4.exe D:\techserv\binimage\*.* qcas_2015_07_v01.msl qcas_2015_06_v01.tsl qcas_2015_07_v01.psl 
 Allocating buffer 262144 bytes
 Finished at Tue Jun 09 15:05:56 2015
 with EXIT_SUCCESS

EPSIG.EXE Version 3.4 Copyright The State of Queensland 1999-2015
Started at   Thu Jul 02 14:22:13 2015
 G:\OLGR-TECHSERV\MISC\BINIMAGE\qcas\epsigQCAS3_4.exe D:\techserv\binimage\*.* qcas_2015_07_v01.msl qcas_2015_06_v02.tsl qcas_2015_07_v02.psl 
 Allocating buffer 262144 bytes
 Finished at Thu Jul 02 14:25:06 2015
 with EXIT_SUCCESS

EPSIG.EXE Version 3.4 Copyright The State of Queensland 1999-2015
Started at   Mon Jul 06 11:04:01 2015
 G:\OLGR-TECHSERV\MISC\BINIMAGE\qcas\epsigQCAS3_4.exe D:\techserv\binimage\*.* qcas_2015_07_v01.msl qcas_2015_07_v01.tsl qcas_2015_07_v03.psl 
 Allocating buffer 262144 bytes
 Finished at Mon Jul 06 12:42:42 2015
 with EXIT_SUCCESS

EPSIG.EXE Version 3.4 Copyright The State of Queensland 1999-2015
Started at   Mon Jul 06 12:42:47 2015
 G:\OLGR-TECHSERV\MISC\BINIMAGE\qcas\epsigQCAS3_4.exe D:\techserv\binimage\*.* qcas_2015_08_v01.msl qcas_2015_07_v01.tsl qcas_2015_08_v01.psl 
 Allocating buffer 262144 bytes
 Finished at Tue Jul 07 21:23:09 2015
 with EXIT_SUCCESS

EPSIG.EXE Version 3.4 Copyright The State of Queensland 1999-2015
Started at   Tue Jul 14 11:49:51 2015
 G:\OLGR-TECHSERV\MISC\BINIMAGE\qcas\epsigQCAS3_4.exe D:\techserv\binimage\*.* qcas_2015_07_v01.msl qcas_2015_07_v01.tsl qcas_2015_07_v04.psl 
 Allocating buffer 262144 bytes
 Finished at Tue Jul 14 12:21:55 2015
 with EXIT_SUCCESS

EPSIG.EXE Version 3.4 Copyright The State of Queensland 1999-2015
Started at   Tue Jul 14 12:22:00 2015
 G:\OLGR-TECHSERV\MISC\BINIMAGE\qcas\epsigQCAS3_4.exe D:\techserv\binimage\*.* qcas_2015_08_v01.msl qcas_2015_07_v01.tsl qcas_2015_08_v01.psl 
 Allocating buffer 262144 bytes
 Finished at Tue Jul 14 12:54:01 2015
 with EXIT_SUCCESS

EPSIG.EXE Version 3.5 Copyright The State of Queensland 1999-2015
Started at   Tue Jul 28 12:35:27 2015
 G:\OLGR-TECHSERV\MISC\BINIMAGE\qcas\epsigQCAS3_5.exe D:\techserv\binimage\*.* qcas_2015_07_v01.msl qcas_2015_07_v02.tsl qcas_2015_07_v05.psl 
 Allocating buffer 262144 bytes

EPSIG.EXE Version 3.5 Copyright The State of Queensland 1999-2015
Started at   Tue Jul 28 12:39:13 2015
 G:\OLGR-TECHSERV\MISC\BINIMAGE\qcas\epsigQCAS3_5.exe D:\techserv\binimage\*.* qcas_2015_07_v01.msl qcas_2015_07_v02.tsl qcas_2015_07_v05.psl 
 Allocating buffer 262144 bytes
 Finished at Tue Jul 28 17:20:58 2015
 with EXIT_SUCCESS

EPSIG.EXE Version 3.5 Copyright The State of Queensland 1999-2015
Started at   Tue Jul 28 17:21:03 2015
 G:\OLGR-TECHSERV\MISC\BINIMAGE\qcas\epsigQCAS3_5.exe D:\techserv\binimage\*.* qcas_2015_08_v01.msl qcas_2015_07_v02.tsl qcas_2015_08_v02.psl 
 Allocating buffer 262144 bytes
 Finished at Tue Jul 28 22:02:04 2015
 with EXIT_SUCCESS

EPSIG.EXE Version 3.5 Copyright The State of Queensland 1999-2015
Started at   Wed Aug 05 11:47:32 2015
 G:\OLGR-TECHSERV\MISC\BINIMAGE\qcas\epsigQCAS3_5.exe D:\techserv\binimage\*.* qcas_2015_08_v01.msl qcas_2015_08_v01.tsl qcas_2015_08_v03.psl 
 Allocating buffer 262144 bytes
 Finished at Wed Aug 05 12:07:58 2015
 with EXIT_SUCCESS

EPSIG.EXE Version 3.5 Copyright The State of Queensland 1999-2015
Started at   Wed Aug 05 12:08:04 2015
 G:\OLGR-TECHSERV\MISC\BINIMAGE\qcas\epsigQCAS3_5.exe D:\techserv\binimage\*.* qcas_2015_09_v01.msl qcas_2015_08_v01.tsl qcas_2015_09_v01.psl 
 Allocating buffer 262144 bytes
 Finished at Thu Aug 06 22:05:18 2015
 with EXIT_SUCCESS

EPSIG.EXE Version 3.5 Copyright The State of Queensland 1999-2015
Started at   Mon Sep 07 11:26:50 2015
 G:\OLGR-TECHSERV\MISC\BINIMAGE\qcas\epsigQCAS3_5.exe D:\techserv\binimage\*.* qcas_2015_09_v01.msl qcas_2015_09_v01.tsl qcas_2015_09_v02.psl 
 Allocating buffer 262144 bytes
 Finished at Mon Sep 07 14:36:51 2015
 with EXIT_SUCCESS

EPSIG.EXE Version 3.5 Copyright The State of Queensland 1999-2015
Started at   Mon Sep 07 14:36:56 2015
 G:\OLGR-TECHSERV\MISC\BINIMAGE\qcas\epsigQCAS3_5.exe D:\techserv\binimage\*.* qcas_2015_10_v01.msl qcas_2015_09_v01.tsl qcas_2015_10_v01.psl 
 Allocating buffer 262144 bytes

EPSIG.EXE Version 3.5 Copyright The State of Queensland 1999-2015
Started at   Tue Sep 08 15:50:51 2015
 G:\OLGR-TECHSERV\MISC\BINIMAGE\qcas\epsigQCAS3_5.exe D:\techserv\binimage\*.* qcas_2015_10_v01.msl qcas_2015_09_v01.tsl qcas_2015_10_v01.psl 
 Allocating buffer 262144 bytes

EPSIG.EXE Version 3.5 Copyright The State of Queensland 1999-2015
Started at   Wed Sep 09 10:46:13 2015
 G:\OLGR-TECHSERV\MISC\BINIMAGE\qcas\epsigQCAS3_5.exe D:\techserv\binimage\*.* qcas_2015_10_v01.msl qcas_2015_09_v01.tsl qcas_2015_10_v01.psl 
 Allocating buffer 262144 bytes
 Finished at Thu Sep 10 01:34:04 2015
 with EXIT_SUCCESS

EPSIG.EXE Version 3.5 Copyright The State of Queensland 1999-2015
Started at   Tue Oct 13 13:25:30 2015
 G:\OLGR-TECHSERV\MISC\BINIMAGE\qcas\epsigQCAS3_5.exe D:\techserv\binimage\*.* qcas_2015_10_v01.msl qcas_2015_10_v01.tsl qcas_2015_10_v02.psl 
 Allocating buffer 262144 bytes
 Finished at Tue Oct 13 19:30:08 2015
 with EXIT_SUCCESS

EPSIG.EXE Version 3.5 Copyright The State of Queensland 1999-2015
Started at   Tue Oct 13 19:30:14 2015
 G:\OLGR-TECHSERV\MISC\BINIMAGE\qcas\epsigQCAS3_5.exe D:\techserv\binimage\*.* qcas_2015_11_v01.msl qcas_2015_10_v01.tsl qcas_2015_11_v01.psl 
 Allocating buffer 262144 bytes
 Finished at Thu Oct 15 09:31:44 2015
 with EXIT_SUCCESS

EPSIG.EXE Version 3.5 Copyright The State of Queensland 1999-2015
Started at   Thu Oct 15 14:30:53 2015
 G:\OLGR-TECHSERV\MISC\BINIMAGE\qcas\epsigQCAS3_5.exe D:\techserv\binimage\*.* qcas_2015_10_v01.msl qcas_2015_10_v02.tsl qcas_2015_10_v02.psl 
 Allocating buffer 262144 bytes
 Finished at Thu Oct 15 14:37:51 2015
 with EXIT_SUCCESS

EPSIG.EXE Version 3.5 Copyright The State of Queensland 1999-2015
Started at   Thu Oct 15 14:37:56 2015
 G:\OLGR-TECHSERV\MISC\BINIMAGE\qcas\epsigQCAS3_5.exe D:\techserv\binimage\*.* qcas_2015_11_v01.msl qcas_2015_10_v02.tsl qcas_2015_11_v01.psl 
 Allocating buffer 262144 bytes
 Finished at Thu Oct 15 14:44:53 2015
 with EXIT_SUCCESS

EPSIG.EXE Version 3.5 Copyright The State of Queensland 1999-2015
Started at   Thu Oct 22 13:30:44 2015
 G:\OLGR-TECHSERV\MISC\BINIMAGE\qcas\epsigQCAS3_5.exe D:\techserv\binimage\*.* qcas_2015_10_v01.msl qcas_2015_10_v03.tsl qcas_2015_10_v03.psl 
 Allocating buffer 262144 bytes
 Finished at Thu Oct 22 16:54:22 2015
 with EXIT_SUCCESS

EPSIG.EXE Version 3.5 Copyright The State of Queensland 1999-2015
Started at   Thu Oct 22 16:54:27 2015
 G:\OLGR-TECHSERV\MISC\BINIMAGE\qcas\epsigQCAS3_5.exe D:\techserv\binimage\*.* qcas_2015_11_v01.msl qcas_2015_10_v03.tsl qcas_2015_11_v02.psl 
 Allocating buffer 262144 bytes
 Finished at Thu Oct 22 20:19:30 2015
 with EXIT_SUCCESS

EPSIG.EXE Version 3.5 Copyright The State of Queensland 1999-2015
Started at   Wed Nov 04 14:35:01 2015
 G:\OLGR-TECHSERV\MISC\BINIMAGE\qcas\epsigQCAS3_5.exe D:\techserv\binimage\*.* qcas_2015_11_v01.msl qcas_2015_11_v01.tsl qcas_2015_11_v03.psl 
 Allocating buffer 262144 bytes
 Finished at Wed Nov 04 15:26:33 2015
 with EXIT_SUCCESS

EPSIG.EXE Version 3.5 Copyright The State of Queensland 1999-2015
Started at   Wed Nov 04 15:26:39 2015
 G:\OLGR-TECHSERV\MISC\BINIMAGE\qcas\epsigQCAS3_5.exe D:\techserv\binimage\*.* qcas_2015_12_v01.msl qcas_2015_11_v01.tsl qcas_2015_12_v01.psl 
 Allocating buffer 262144 bytes
 Finished at Fri Nov 06 05:56:23 2015
 with EXIT_SUCCESS

EPSIG.EXE Version 3.5 Copyright The State of Queensland 1999-2015
Started at   Thu Dec 03 10:10:15 2015
 G:\OLGR-TECHSERV\MISC\BINIMAGE\qcas\epsigQCAS3_5.exe D:\techserv\binimage\*.* qcas_2015_12_v01.msl qcas_2015_12_v01.tsl qcas_2015_12_v02.psl 
 Allocating buffer 262144 bytes
 Finished at Thu Dec 03 11:26:48 2015
 with EXIT_SUCCESS

EPSIG.EXE Version 3.5 Copyright The State of Queensland 1999-2015
Started at   Thu Dec 03 11:26:53 2015
 G:\OLGR-TECHSERV\MISC\BINIMAGE\qcas\epsigQCAS3_5.exe D:\techserv\binimage\*.* qcas_2016_01_v01.msl qcas_2015_12_v01.tsl qcas_2016_01_v01.psl 
 Allocating buffer 262144 bytes
 Finished at Sat Dec 05 02:23:19 2015
 with EXIT_SUCCESS

EPSIG.EXE Version 3.5 Copyright The State of Queensland 1999-2015
Started at   Wed Jan 06 10:57:02 2016
 G:\OLGR-TECHSERV\MISC\BINIMAGE\qcas\epsigQCAS3_5.exe D:\techserv\binimage\*.* qcas_2016_01_v01.msl qcas_2016_01_v01.tsl qcas_2016_01_v02.psl 
 Allocating buffer 262144 bytes
 Finished at Wed Jan 06 13:05:35 2016
 with EXIT_SUCCESS

EPSIG.EXE Version 3.5 Copyright The State of Queensland 1999-2015
Started at   Wed Jan 06 13:05:40 2016
 G:\OLGR-TECHSERV\MISC\BINIMAGE\qcas\epsigQCAS3_5.exe D:\techserv\binimage\*.* qcas_2016_02_v01.msl qcas_2016_01_v01.tsl qcas_2016_02_v01.psl 
 Allocating buffer 262144 bytes
 Finished at Fri Jan 08 04:55:37 2016
 with EXIT_SUCCESS

EPSIG.EXE Version 3.5 Copyright The State of Queensland 1999-2015
Started at   Fri Feb 05 11:04:38 2016
 G:\OLGR-TECHSERV\MISC\BINIMAGE\qcas\epsigQCAS3_5.exe D:\techserv\binimage\*.* qcas_2016_02_v01.msl qcas_2016_02_v01.tsl qcas_2016_02_v02.psl 
 Allocating buffer 262144 bytes
 Finished at Fri Feb 05 11:48:28 2016
 with EXIT_SUCCESS

EPSIG.EXE Version 3.5 Copyright The State of Queensland 1999-2015
Started at   Fri Feb 05 11:48:34 2016
 G:\OLGR-TECHSERV\MISC\BINIMAGE\qcas\epsigQCAS3_5.exe D:\techserv\binimage\*.* qcas_2016_03_v01.msl qcas_2016_02_v01.tsl qcas_2016_03_v01.psl 
 Allocating buffer 262144 bytes
 Finished at Sun Feb 07 03:46:29 2016
 with EXIT_SUCCESS

EPSIG.EXE Version 3.5 Copyright The State of Queensland 1999-2015
Started at   Mon Mar 14 09:05:20 2016
 G:\OLGR-TECHSERV\MISC\BINIMAGE\qcas\epsigQCAS3_5.exe D:\techserv\binimage\*.* qcas_2016_03_v01.msl qcas_2016_03_v01.tsl qcas_2016_03_v02.psl 
 Allocating buffer 262144 bytes
 Finished at Mon Mar 14 13:14:27 2016
 with EXIT_SUCCESS

EPSIG.EXE Version 3.5 Copyright The State of Queensland 1999-2015
Started at   Mon Mar 14 13:14:32 2016
 G:\OLGR-TECHSERV\MISC\BINIMAGE\qcas\epsigQCAS3_5.exe D:\techserv\binimage\*.* qcas_2016_04_v01.msl qcas_2016_03_v01.tsl qcas_2016_04_v01.psl 
 Allocating buffer 262144 bytes
 Finished at Wed Mar 16 06:07:47 2016
 with EXIT_SUCCESS

EPSIG.EXE Version 3.5 Copyright The State of Queensland 1999-2015
Started at   Mon Apr 04 10:56:57 2016
 G:\OLGR-TECHSERV\MISC\BINIMAGE\qcas\epsigQCAS3_5.exe D:\techserv\binimage\*.* qcas_2016_04_v01.msl qcas_2016_04_v01.tsl qcas_2016_04_v02.psl 
 Allocating buffer 262144 bytes
 Finished at Mon Apr 04 11:55:36 2016
 with EXIT_SUCCESS

EPSIG.EXE Version 3.5 Copyright The State of Queensland 1999-2015
Started at   Mon Apr 04 11:55:41 2016
 G:\OLGR-TECHSERV\MISC\BINIMAGE\qcas\epsigQCAS3_5.exe D:\techserv\binimage\*.* qcas_2016_05_v01.msl qcas_2016_04_v01.tsl qcas_2016_05_v01.psl 
 Allocating buffer 262144 bytes
 Finished at Wed Apr 06 04:52:31 2016
 with EXIT_SUCCESS

EPSIG.EXE Version 3.5 Copyright The State of Queensland 1999-2015
Started at   Mon May 09 15:31:36 2016
 \\Justice.qld.gov.au\Data\OLGR-TECHSERV\MISC\BINIMAGE\qcas\epsigQCAS3_5.exe 
 Allocating buffer 262144 bytes
 Finished at Mon May 09 15:31:36 2016
 with EXIT_FAILURE

EPSIG.EXE Version 3.5 Copyright The State of Queensland 1999-2015
Started at   Mon May 09 15:31:44 2016
 \\Justice.qld.gov.au\Data\OLGR-TECHSERV\MISC\BINIMAGE\qcas\epsigQCAS3_5.exe 
 Allocating buffer 262144 bytes
 Finished at Mon May 09 15:31:44 2016
 with EXIT_FAILURE

EPSIG.EXE Version 3.5 Copyright The State of Queensland 1999-2015
Started at   Tue May 10 15:56:02 2016
 D:\OLGR-TECHSERV\MISC\BINIMAGE\qcas\epsigQCAS3_5.exe d:\OLGR-TECHSERV\BINIMAGE\*.* qcas_2016_05_v01.msl qcas_2016_05_v01.tsl qcas_2016_05_v02.psl 
 Allocating buffer 262144 bytes
 Finished at Tue May 10 23:28:33 2016
 with EXIT_FAILURE

EPSIG.EXE Version 3.5 Copyright The State of Queensland 1999-2015
Started at   Tue May 10 23:28:39 2016
 D:\OLGR-TECHSERV\MISC\BINIMAGE\qcas\epsigQCAS3_5.exe d:\OLGR-TECHSERV\BINIMAGE\*.* qcas_2016_06_v01.msl qcas_2016_05_v01.tsl qcas_2016_06_v01.psl 
 Allocating buffer 262144 bytes
 Finished at Sat May 14 21:17:30 2016
 with EXIT_FAILURE

EPSIG.EXE Version 3.5 Copyright The State of Queensland 1999-2015
Started at   Mon May 16 15:33:41 2016
 D:\OLGR-TECHSERV\MISC\BINIMAGE\qcas\epsigQCAS3_5.exe d:\OLGR-TECHSERV\BINIMAGE\*.* qcas_2016_05_v01.msl qcas_2016_05_v01.tsl qcas_2016_05_v02.psl 
 Allocating buffer 262144 bytes
 Finished at Mon May 16 15:37:11 2016
 with EXIT_SUCCESS

EPSIG.EXE Version 3.5 Copyright The State of Queensland 1999-2015
Started at   Mon May 16 15:37:16 2016
 D:\OLGR-TECHSERV\MISC\BINIMAGE\qcas\epsigQCAS3_5.exe d:\OLGR-TECHSERV\BINIMAGE\*.* qcas_2016_06_v01.msl qcas_2016_05_v01.tsl qcas_2016_06_v01.psl 
 Allocating buffer 262144 bytes
 Finished at Mon May 16 15:42:11 2016
 with EXIT_SUCCESS

EPSIG.EXE Version 3.5 Copyright The State of Queensland 1999-2015
Started at   Wed May 18 09:29:59 2016
 D:\OLGR-TECHSERV\MISC\BINIMAGE\qcas\epsigQCAS3_5.exe d:\OLGR-TECHSERV\BINIMAGE\*.* qcas_2016_05_v01.msl qcas_2016_05_v02.tsl qcas_2016_05_v03.psl 
 Allocating buffer 262144 bytes
 Finished at Wed May 18 13:00:45 2016
 with EXIT_SUCCESS

EPSIG.EXE Version 3.5 Copyright The State of Queensland 1999-2015
Started at   Wed May 18 13:00:50 2016
 D:\OLGR-TECHSERV\MISC\BINIMAGE\qcas\epsigQCAS3_5.exe d:\OLGR-TECHSERV\BINIMAGE\*.* qcas_2016_06_v01.msl qcas_2016_05_v02.tsl qcas_2016_06_v02.psl 
 Allocating buffer 262144 bytes
 Finished at Wed May 18 16:29:02 2016
 with EXIT_SUCCESS

EPSIG.EXE Version 3.5 Copyright The State of Queensland 1999-2015
Started at   Tue Jun 07 08:48:35 2016
 D:\OLGR-TECHSERV\MISC\BINIMAGE\qcas\epsigQCAS3_5.exe d:\OLGR-TECHSERV\BINIMAGE\*.* qcas_2016_06_v01.msl qcas_2016_06_v01.tsl qcas_2016_06_v03.psl 
 Allocating buffer 262144 bytes
 Finished at Tue Jun 07 14:29:42 2016
 with EXIT_SUCCESS

EPSIG.EXE Version 3.5 Copyright The State of Queensland 1999-2015
Started at   Tue Jun 07 14:29:48 2016
 D:\OLGR-TECHSERV\MISC\BINIMAGE\qcas\epsigQCAS3_5.exe d:\OLGR-TECHSERV\BINIMAGE\*.* qcas_2016_07_v01.msl qcas_2016_01_v01.tsl qcas_2016_07_v01.psl 
 Allocating buffer 262144 bytes
 Finished at Tue Jun 07 14:29:48 2016
 with EXIT_FAILURE

EPSIG.EXE Version 3.5 Copyright The State of Queensland 1999-2015
Started at   Thu Jun 09 11:09:45 2016
 D:\OLGR-TECHSERV\MISC\BINIMAGE\qcas\epsigQCAS3_5.exe d:\OLGR-TECHSERV\BINIMAGE\*.* qcas_2016_07_v01.msl qcas_2016_06_v01.tsl qcas_2016_07_v01.psl 
 Allocating buffer 262144 bytes
 Finished at Mon Jun 13 22:53:32 2016
 with EXIT_SUCCESS

EPSIG.EXE Version 3.5 Copyright The State of Queensland 1999-2015
Started at   Fri Jul 08 16:10:41 2016
 D:\OLGR-TECHSERV\MISC\BINIMAGE\qcas\epsigQCAS3_5.exe d:\OLGR-TECHSERV\BINIMAGE\*.* qcas_2016_07_v01.msl qcas_2016_07_v01.tsl qcas_2016_07_v02.psl 
 Allocating buffer 262144 bytes
 Finished at Sat Jul 09 03:11:22 2016
 with EXIT_SUCCESS

EPSIG.EXE Version 3.5 Copyright The State of Queensland 1999-2015
Started at   Sat Jul 09 03:11:28 2016
 D:\OLGR-TECHSERV\MISC\BINIMAGE\qcas\epsigQCAS3_5.exe d:\OLGR-TECHSERV\BINIMAGE\*.* qcas_2016_08_v01.msl qcas_2016_07_v01.tsl qcas_2016_08_v01.psl 
 Allocating buffer 262144 bytes
 Finished at Wed Jul 13 10:27:33 2016
 with EXIT_SUCCESS

EPSIG.EXE Version 3.5 Copyright The State of Queensland 1999-2015
Started at   Thu Aug 11 14:55:21 2016
 D:\OLGR-TECHSERV\MISC\BINIMAGE\qcas\epsigQCAS3_5.exe d:\OLGR-TECHSERV\BINIMAGE\*.* qcas_2016_08_v01.msl qcas_2016_08_v01.tsl qcas_2016_08_v02.psl 
 Allocating buffer 262144 bytes
 Finished at Thu Aug 11 21:28:41 2016
 with EXIT_SUCCESS

EPSIG.EXE Version 3.5 Copyright The State of Queensland 1999-2015
Started at   Thu Aug 11 21:28:47 2016
 D:\OLGR-TECHSERV\MISC\BINIMAGE\qcas\epsigQCAS3_5.exe d:\OLGR-TECHSERV\BINIMAGE\*.* qcas_2016_09_v01.msl qcas_2016_08_v01.tsl qcas_2016_09_v01.psl 
 Allocating buffer 262144 bytes
 Finished at Tue Aug 16 02:06:50 2016
 with EXIT_SUCCESS

EPSIG.EXE Version 3.5 Copyright The State of Queensland 1999-2015
Started at   Mon Sep 05 12:09:41 2016
 D:\OLGR-TECHSERV\MISC\BINIMAGE\qcas\epsigQCAS3_5.exe d:\OLGR-TECHSERV\BINIMAGE\*.* qcas_2016_09_v01.msl qcas_2016_09_v01.tsl qcas_2016_09_v02.psl 
 Allocating buffer 262144 bytes
 Finished at Mon Sep 05 19:12:00 2016
 with EXIT_SUCCESS

EPSIG.EXE Version 3.5 Copyright The State of Queensland 1999-2015
Started at   Mon Sep 05 19:12:05 2016
 D:\OLGR-TECHSERV\MISC\BINIMAGE\qcas\epsigQCAS3_5.exe d:\OLGR-TECHSERV\BINIMAGE\*.* qcas_2016_10_v01.msl qcas_2016_09_v01.tsl qcas_2016_10_v01.psl 
 Allocating buffer 262144 bytes
 Finished at Sat Sep 10 05:42:52 2016
 with EXIT_SUCCESS

EPSIG.EXE Version 3.5 Copyright The State of Queensland 1999-2015
Started at   Tue Oct 11 15:36:22 2016
 D:\OLGR-TECHSERV\MISC\BINIMAGE\qcas\epsigQCAS3_5.exe d:\OLGR-TECHSERV\BINIMAGE\*.* qcas_2016_10_v01.msl qcas_2016_10_v01.tsl qcas_2016_10_v02.psl 
 Allocating buffer 262144 bytes
 Finished at Tue Oct 11 19:00:48 2016
 with EXIT_SUCCESS

EPSIG.EXE Version 3.5 Copyright The State of Queensland 1999-2015
Started at   Wed Oct 12 11:23:11 2016
 D:\OLGR-TECHSERV\MISC\BINIMAGE\qcas\epsigQCAS3_5.exe d:\OLGR-TECHSERV\BINIMAGE\*.* qcas_2016_11_v01.msl qcas_2016_10_v01.tsl qcas_2016_11_v01.psl 
 Allocating buffer 262144 bytes
 Finished at Sun Oct 16 15:19:27 2016
 with EXIT_SUCCESS

EPSIG.EXE Version 3.5 Copyright The State of Queensland 1999-2015
Started at   Mon Nov 07 11:15:37 2016
 D:\OLGR-TECHSERV\MISC\BINIMAGE\qcas\epsigQCAS3_5.exe d:\OLGR-TECHSERV\BINIMAGE\*.* qcas_2016_11_v01.msl qcas_2016_11_v01.tsl qcas_2016_11_v02.psl 
 Allocating buffer 262144 bytes

EPSIG.EXE Version 3.5 Copyright The State of Queensland 1999-2015
Started at   Thu Nov 10 09:11:43 2016
 D:\OLGR-TECHSERV\MISC\BINIMAGE\qcas\epsigQCAS3_5.exe d:\OLGR-TECHSERV\BINIMAGE\*.* qcas_2016_11_v01.msl qcas_2016_11_v01.tsl qcas_2016_11_v02.psl 
 Allocating buffer 262144 bytes
 Finished at Thu Nov 10 18:09:02 2016
 with EXIT_SUCCESS

EPSIG.EXE Version 3.5 Copyright The State of Queensland 1999-2015
Started at   Thu Nov 10 18:09:07 2016
 D:\OLGR-TECHSERV\MISC\BINIMAGE\qcas\epsigQCAS3_5.exe d:\OLGR-TECHSERV\BINIMAGE\*.* qcas_2016_12_v01.msl qcas_2016_11_v01.tsl qcas_2016_12_v01.psl 
 Allocating buffer 262144 bytes
 Finished at Tue Nov 15 01:45:24 2016
 with EXIT_SUCCESS

EPSIG.EXE Version 3.5 Copyright The State of Queensland 1999-2015
Started at   Fri Dec 09 12:12:57 2016
 D:\OLGR-TECHSERV\MISC\BINIMAGE\qcas\epsigQCAS3_5.exe d:\OLGR-TECHSERV\BINIMAGE\*.* qcas_2016_12_v01.msl qcas_2016_12_v01.tsl qcas_2016_12_v02.psl 
 Allocating buffer 262144 bytes

EPSIG.EXE Version 3.5 Copyright The State of Queensland 1999-2015
Started at   Mon Dec 12 11:03:45 2016
 D:\OLGR-TECHSERV\MISC\BINIMAGE\qcas\epsigQCAS3_5.exe d:\OLGR-TECHSERV\BINIMAGE\*.* qcas_2016_12_v01.msl qcas_2016_12_v01.tsl qcas_2016_12_v02.psl 
 Allocating buffer 262144 bytes
 Finished at Tue Dec 13 00:54:49 2016
 with EXIT_SUCCESS

EPSIG.EXE Version 3.5 Copyright The State of Queensland 1999-2015
Started at   Tue Dec 13 12:33:44 2016
 D:\OLGR-TECHSERV\MISC\BINIMAGE\qcas\epsigQCAS3_5.exe d:\OLGR-TECHSERV\BINIMAGE\*.* qcas_2017_01_v01.msl qcas_2016_12_v01.tsl qcas_2017_01_v01.psl 
 Allocating buffer 262144 bytes

EPSIG.EXE Version 3.5 Copyright The State of Queensland 1999-2015
Started at   Fri Dec 16 08:39:39 2016
 D:\OLGR-TECHSERV\MISC\BINIMAGE\qcas\epsigQCAS3_5.exe d:\OLGR-TECHSERV\BINIMAGE\*.* qcas_2017_01_v01.msl qcas_2016_12_v01.tsl qcas_2017_01_v01.psl 
 Allocating buffer 262144 bytes
 Finished at Sun Dec 18 17:39:59 2016
 with EXIT_SUCCESS

EPSIG.EXE Version 3.5 Copyright The State of Queensland 1999-2015
Started at   Fri Jan 06 10:44:00 2017
 D:\OLGR-TECHSERV\MISC\BINIMAGE\qcas\epsigQCAS3_5.exe d:\OLGR-TECHSERV\BINIMAGE\*.* qcas_2017_01_v01.msl qcas_2017_01_v01.tsl qcas_2017_01_v02.psl 
 Allocating buffer 262144 bytes
 Finished at Fri Jan 06 14:16:07 2017
 with EXIT_SUCCESS

EPSIG.EXE Version 3.5 Copyright The State of Queensland 1999-2015
Started at   Fri Jan 06 14:16:13 2017
 D:\OLGR-TECHSERV\MISC\BINIMAGE\qcas\epsigQCAS3_5.exe d:\OLGR-TECHSERV\BINIMAGE\*.* qcas_2017_02_v01.msl qcas_2017_01_v01.tsl qcas_2017_02_v01.psl 
 Allocating buffer 262144 bytes
 Finished at Wed Jan 11 11:32:17 2017
 with EXIT_SUCCESS

EPSIG.EXE Version 3.5 Copyright The State of Queensland 1999-2015
Started at   Tue Feb 07 15:50:00 2017
 D:\OLGR-TECHSERV\MISC\BINIMAGE\qcas\epsigQCAS3_5.exe d:\OLGR-TECHSERV\BINIMAGE\*.* qcas_2017_02_v01.msl qcas_2017_02_v01.tsl qcas_2017_02_v02.psl 
 Allocating buffer 262144 bytes
 Finished at Tue Feb 07 20:07:33 2017
 with EXIT_SUCCESS

EPSIG.EXE Version 3.5 Copyright The State of Queensland 1999-2015
Started at   Tue Feb 07 20:07:39 2017
 D:\OLGR-TECHSERV\MISC\BINIMAGE\qcas\epsigQCAS3_5.exe d:\OLGR-TECHSERV\BINIMAGE\*.* qcas_2017_03_v01.msl qcas_2017_02_v01.tsl qcas_2017_03_v01.psl 
 Allocating buffer 262144 bytes
 Finished at Sun Feb 12 22:18:22 2017
 with EXIT_SUCCESS

EPSIG.EXE Version 3.5 Copyright The State of Queensland 1999-2015
Started at   Wed Mar 01 11:37:17 2017
 D:\OLGR-TECHSERV\MISC\BINIMAGE\qcas\epsigQCAS3_5.exe d:\OLGR-TECHSERV\BINIMAGE\*.* qcas_2017_03_v01.msl qcas_2017_03_v01.tsl qcas_2017_03_v02.psl 
 Allocating buffer 262144 bytes
 Finished at Wed Mar 01 16:40:54 2017
 with EXIT_SUCCESS

EPSIG.EXE Version 3.5 Copyright The State of Queensland 1999-2015
Started at   Wed Mar 01 16:40:59 2017
 D:\OLGR-TECHSERV\MISC\BINIMAGE\qcas\epsigQCAS3_5.exe d:\OLGR-TECHSERV\BINIMAGE\*.* qcas_2017_04_v01.msl qcas_2017_03_v01.tsl qcas_2017_04_v01.psl 
 Allocating buffer 262144 bytes
 Finished at Mon Mar 06 20:01:36 2017
 with EXIT_FAILURE

EPSIG.EXE Version 3.5 Copyright The State of Queensland 1999-2015
Started at   Tue Mar 07 15:34:29 2017
 D:\OLGR-TECHSERV\MISC\BINIMAGE\qcas\epsigQCAS3_5.exe d:\OLGR-TECHSERV\BINIMAGE\*.* qcas_2017_03_v01.msl qcas_2017_03_v01.tsl qcas_2017_03_v02.psl 
 Allocating buffer 262144 bytes
 Finished at Tue Mar 07 15:50:04 2017
 with EXIT_SUCCESS

EPSIG.EXE Version 3.5 Copyright The State of Queensland 1999-2015
Started at   Tue Mar 07 15:50:10 2017
 D:\OLGR-TECHSERV\MISC\BINIMAGE\qcas\epsigQCAS3_5.exe d:\OLGR-TECHSERV\BINIMAGE\*.* qcas_2017_04_v01.msl qcas_2017_03_v01.tsl qcas_2017_04_v01.psl 
 Allocating buffer 262144 bytes
 Finished at Tue Mar 07 16:05:24 2017
 with EXIT_SUCCESS

EPSIG.EXE Version 3.5 Copyright The State of Queensland 1999-2015
Started at   Tue Mar 28 15:53:28 2017
 D:\OLGR-TECHSERV\MISC\BINIMAGE\qcas\epsigQCAS3_5.exe d:\OLGR-TECHSERV\BINIMAGE\*.* qcas_2017_03_v01.msl qcas_2017_03_v02.tsl qcas_2017_03_v03.psl 
 Allocating buffer 262144 bytes
 Finished at Tue Mar 28 16:46:22 2017
 with EXIT_SUCCESS

EPSIG.EXE Version 3.5 Copyright The State of Queensland 1999-2015
Started at   Tue Mar 28 16:46:28 2017
 D:\OLGR-TECHSERV\MISC\BINIMAGE\qcas\epsigQCAS3_5.exe d:\OLGR-TECHSERV\BINIMAGE\*.* qcas_2017_04_v01.msl qcas_2017_03_v02.tsl qcas_2017_04_v02.psl 
 Allocating buffer 262144 bytes
 Finished at Tue Mar 28 17:42:28 2017
 with EXIT_SUCCESS

EPSIG.EXE Version 3.5 Copyright The State of Queensland 1999-2015
Started at   Fri Mar 31 15:30:36 2017
 D:\OLGR-TECHSERV\MISC\BINIMAGE\qcas\epsigQCAS3_5.exe d:\OLGR-TECHSERV\BINIMAGE\*.* qcas_2017_04_v01.msl qcas_2017_03_v03.tsl qcas_2017_04_v03.psl 
 Allocating buffer 262144 bytes

EPSIG.EXE Version 3.5 Copyright The State of Queensland 1999-2015
Started at   Mon Apr 03 15:36:09 2017
 D:\OLGR-TECHSERV\MISC\BINIMAGE\qcas\epsigQCAS3_5.exe d:\OLGR-TECHSERV\BINIMAGE\*.* qcas_2017_04_v01.msl qcas_2017_04_v01.tsl qcas_2017_04_v03.psl 
 Allocating buffer 262144 bytes
 Finished at Tue Apr 04 01:01:38 2017
 with EXIT_SUCCESS

EPSIG.EXE Version 3.5 Copyright The State of Queensland 1999-2015
Started at   Tue Apr 04 01:01:44 2017
 D:\OLGR-TECHSERV\MISC\BINIMAGE\qcas\epsigQCAS3_5.exe d:\OLGR-TECHSERV\BINIMAGE\*.* qcas_2017_05_v01.msl qcas_2017_04_v01.tsl qcas_2017_05_v01.psl 
 Allocating buffer 262144 bytes
 Finished at Sun Apr 09 23:07:08 2017
 with EXIT_SUCCESS

EPSIG.EXE Version 3.5 Copyright The State of Queensland 1999-2015
Started at   Tue May 02 11:19:19 2017
 D:\OLGR-TECHSERV\MISC\BINIMAGE\qcas\epsigQCAS3_5.exe d:\OLGR-TECHSERV\BINIMAGE\*.* qcas_2017_05_v01.msl qcas_2017_05_v01.tsl qcas_2017_05_v02.psl 
 Allocating buffer 262144 bytes
 Finished at Tue May 02 18:18:52 2017
 with EXIT_SUCCESS

EPSIG.EXE Version 3.5 Copyright The State of Queensland 1999-2015
Started at   Tue May 02 18:18:58 2017
 D:\OLGR-TECHSERV\MISC\BINIMAGE\qcas\epsigQCAS3_5.exe d:\OLGR-TECHSERV\BINIMAGE\*.* qcas_2017_06_v01.msl qcas_2017_05_v01.tsl qcas_2017_06_v01.psl 
 Allocating buffer 262144 bytes
 Finished at Sun May 07 19:05:22 2017
 with EXIT_SUCCESS

EPSIG.EXE Version 3.5 Copyright The State of Queensland 1999-2015
Started at   Mon Jun 05 13:43:03 2017
 D:\OLGR-TECHSERV\MISC\BINIMAGE\qcas\epsigQCAS3_5.exe d:\OLGR-TECHSERV\BINIMAGE\*.* qcas_2017_06_v01.msl qcas_2017_06_v01.tsl qcas_2017_06_v02.psl 
 Allocating buffer 262144 bytes
 Finished at Mon Jun 05 21:23:51 2017
 with EXIT_SUCCESS

EPSIG.EXE Version 3.5 Copyright The State of Queensland 1999-2015
Started at   Mon Jun 05 21:23:56 2017
 D:\OLGR-TECHSERV\MISC\BINIMAGE\qcas\epsigQCAS3_5.exe d:\OLGR-TECHSERV\BINIMAGE\*.* qcas_2017_07_v01.msl qcas_2017_06_v01.tsl qcas_2017_07_v01.psl 
 Allocating buffer 262144 bytes
 Finished at Sun Jun 11 05:25:04 2017
 with EXIT_SUCCESS

EPSIG.EXE Version 3.5 Copyright The State of Queensland 1999-2015
Started at   Mon Jul 03 13:19:33 2017
 D:\OLGR-TECHSERV\MISC\BINIMAGE\qcas\epsigQCAS3_5.exe d:\OLGR-TECHSERV\BINIMAGE\*.* qcas_2017_07_v01.msl qcas_2017_07_v01.tsl qcas_2017_07_v02.psl 
 Allocating buffer 262144 bytes
 Finished at Mon Jul 03 18:38:34 2017
 with EXIT_SUCCESS

EPSIG.EXE Version 3.5 Copyright The State of Queensland 1999-2015
Started at   Mon Jul 03 18:38:40 2017
 D:\OLGR-TECHSERV\MISC\BINIMAGE\qcas\epsigQCAS3_5.exe d:\OLGR-TECHSERV\BINIMAGE\*.* qcas_2017_08_v01.msl qcas_2017_07_v01.tsl qcas_2017_08_v01.psl 
 Allocating buffer 262144 bytes

EPSIG.EXE Version 3.5 Copyright The State of Queensland 1999-2015
Started at   Fri Jul 07 13:08:47 2017
 D:\OLGR-TECHSERV\MISC\BINIMAGE\qcas\epsigQCAS3_5.exe d:\OLGR-TECHSERV\BINIMAGE\*.* qcas_2017_08_v01.msl qcas_2017_07_v01.tsl qcas_2017_08_v01.psl 
 Allocating buffer 262144 bytes
 Finished at Sun Jul 09 11:43:06 2017
 with EXIT_SUCCESS

EPSIG.EXE Version 3.5 Copyright The State of Queensland 1999-2015
Started at   Tue Jul 18 09:28:01 2017
 D:\OLGR-TECHSERV\MISC\BINIMAGE\qcas\epsigQCAS3_5.exe d:\OLGR-TECHSERV\BINIMAGE\*.* qcas_2017_07_v01.msl qcas_2017_07_v02.tsl qcas_2017_07_v03.psl 
 Allocating buffer 262144 bytes
 Finished at Tue Jul 18 12:08:49 2017
 with EXIT_SUCCESS

EPSIG.EXE Version 3.5 Copyright The State of Queensland 1999-2015
Started at   Tue Jul 18 12:08:54 2017
 D:\OLGR-TECHSERV\MISC\BINIMAGE\qcas\epsigQCAS3_5.exe d:\OLGR-TECHSERV\BINIMAGE\*.* qcas_2017_08_v01.msl qcas_2017_07_v02.tsl qcas_2017_08_v02.psl 
 Allocating buffer 262144 bytes
 Finished at Tue Jul 18 14:53:03 2017
 with EXIT_SUCCESS

EPSIG.EXE Version 3.5 Copyright The State of Queensland 1999-2015
Started at   Thu Aug 03 10:44:21 2017
 D:\OLGR-TECHSERV\MISC\BINIMAGE\qcas\epsigQCAS3_5.exe d:\OLGR-TECHSERV\BINIMAGE\*.* qcas_2017_08_v01.msl qcas_2017_08_v01.tsl qcas_2017_08_v03.psl 
 Allocating buffer 262144 bytes
 Finished at Thu Aug 03 10:44:21 2017
 with EXIT_FAILURE

EPSIG.EXE Version 3.5 Copyright The State of Queensland 1999-2015
Started at   Thu Aug 03 10:44:26 2017
 D:\OLGR-TECHSERV\MISC\BINIMAGE\qcas\epsigQCAS3_5.exe d:\OLGR-TECHSERV\BINIMAGE\*.* qcas_2017_09_v01.msl qcas_2017_08_v01.tsl qcas_2017_09_v01.psl 
 Allocating buffer 262144 bytes
 Finished at Thu Aug 03 10:44:26 2017
 with EXIT_FAILURE

EPSIG.EXE Version 3.5 Copyright The State of Queensland 1999-2015
Started at   Thu Aug 03 10:50:13 2017
 D:\OLGR-TECHSERV\MISC\BINIMAGE\qcas\epsigQCAS3_5.exe d:\OLGR-TECHSERV\BINIMAGE\*.* qcas_2017_08_v01.msl qcas_2017_08_v01.tsl qcas_2017_08_v03.psl 
 Allocating buffer 262144 bytes
 Finished at Thu Aug 03 13:09:22 2017
 with EXIT_SUCCESS

EPSIG.EXE Version 3.5 Copyright The State of Queensland 1999-2015
Started at   Thu Aug 03 13:09:28 2017
 D:\OLGR-TECHSERV\MISC\BINIMAGE\qcas\epsigQCAS3_5.exe d:\OLGR-TECHSERV\BINIMAGE\*.* qcas_2017_09_v01.msl qcas_2017_08_v01.tsl qcas_2017_09_v01.psl 
 Allocating buffer 262144 bytes

EPSIG.EXE Version 3.5 Copyright The State of Queensland 1999-2015
Started at   Mon Aug 07 09:33:49 2017
 D:\OLGR-TECHSERV\MISC\BINIMAGE\qcas\epsigQCAS3_5.exe d:\OLGR-TECHSERV\BINIMAGE\*.* qcas_2017_09_v01.msl qcas_2017_08_v01.tsl qcas_2017_09_v01.psl 
 Allocating buffer 262144 bytes

EPSIG.EXE Version 3.5 Copyright The State of Queensland 1999-2015
Started at   Mon Aug 14 14:37:32 2017
 D:\OLGR-TECHSERV\MISC\BINIMAGE\qcas\epsigQCAS3_5.exe d:\OLGR-TECHSERV\BINIMAGE\*.* qcas_2017_09_v01.msl qcas_2017_08_v01.tsl qcas_2017_09_v01.psl 
 Allocating buffer 262144 bytes
 Finished at Tue Aug 15 23:07:42 2017
 with EXIT_SUCCESS

EPSIG.EXE Version 3.5 Copyright The State of Queensland 1999-2015
Started at   Fri Aug 18 15:27:51 2017
 D:\OLGR-TECHSERV\MISC\BINIMAGE\qcas\epsigQCAS3_5.exe d:\OLGR-TECHSERV\BINIMAGE\*.* qcas_2017_08_v01.msl qcas_2017_08_v02.tsl qcas_2017_08_v04.psl 
 Allocating buffer 262144 bytes
 Finished at Fri Aug 18 18:44:07 2017
 with EXIT_SUCCESS

EPSIG.EXE Version 3.5 Copyright The State of Queensland 1999-2015
Started at   Fri Aug 18 18:44:12 2017
 D:\OLGR-TECHSERV\MISC\BINIMAGE\qcas\epsigQCAS3_5.exe d:\OLGR-TECHSERV\BINIMAGE\*.* qcas_2017_09_v01.msl qcas_2017_08_v02.tsl qcas_2017_09_v02.psl 
 Allocating buffer 262144 bytes
 Finished at Fri Aug 18 21:59:53 2017
 with EXIT_SUCCESS

EPSIG.EXE Version 3.5 Copyright The State of Queensland 1999-2015
Started at   Mon Sep 04 10:43:49 2017
 D:\OLGR-TECHSERV\MISC\BINIMAGE\qcas\epsigQCAS3_5.exe d:\OLGR-TECHSERV\BINIMAGE\*.* qcas_2017_09_v01.msl qcas_2017_09_v01.tsl qcas_2017_09_v03.psl 
 Allocating buffer 262144 bytes
 Finished at Mon Sep 04 13:40:49 2017
 with EXIT_SUCCESS

EPSIG.EXE Version 3.5 Copyright The State of Queensland 1999-2015
Started at   Mon Sep 04 13:40:54 2017
 D:\OLGR-TECHSERV\MISC\BINIMAGE\qcas\epsigQCAS3_5.exe d:\OLGR-TECHSERV\BINIMAGE\*.* qcas_2017_10_v01.msl qcas_2017_09_v01.tsl qcas_2017_10_v01.psl 
 Allocating buffer 262144 bytes
 Finished at Sat Sep 09 21:13:53 2017
 with EXIT_SUCCESS

EPSIG.EXE Version 3.5 Copyright The State of Queensland 1999-2015
Started at   Tue Sep 26 16:35:40 2017
 D:\OLGR-TECHSERV\MISC\BINIMAGE\qcas\epsigQCAS3_5.exe d:\OLGR-TECHSERV\BINIMAGE\*.* qcas_2017_10_v01.msl qcas_2017_10_v01.tsl qcas_2017_10_v02.psl 
 Allocating buffer 262144 bytes

EPSIG.EXE Version 3.5 Copyright The State of Queensland 1999-2015
Started at   Tue Sep 26 16:48:47 2017
 D:\OLGR-TECHSERV\MISC\BINIMAGE\qcas\epsigQCAS3_5.exe d:\OLGR-TECHSERV\BINIMAGE\*.* qcas_2017_09_v01.msl qcas_2017_09_v02.tsl qcas_2017_09_v04.psl 
 Allocating buffer 262144 bytes

EPSIG.EXE Version 3.5 Copyright The State of Queensland 1999-2015
Started at   Tue Sep 26 16:50:30 2017
 D:\OLGR-TECHSERV\MISC\BINIMAGE\qcas\epsigQCAS3_5.exe d:\OLGR-TECHSERV\BINIMAGE\*.* qcas_2017_09_v01.msl qcas_2017_09_v02.tsl qcas_2017_09_v04.psl 
 Allocating buffer 262144 bytes
 Finished at Tue Sep 26 21:17:01 2017
 with EXIT_SUCCESS

EPSIG.EXE Version 3.5 Copyright The State of Queensland 1999-2015
Started at   Tue Sep 26 21:17:07 2017
 D:\OLGR-TECHSERV\MISC\BINIMAGE\qcas\epsigQCAS3_5.exe d:\OLGR-TECHSERV\BINIMAGE\*.* qcas_2017_10_v01.msl qcas_2017_09_v02.tsl qcas_2017_10_v02.psl 
 Allocating buffer 262144 bytes
 Finished at Wed Sep 27 01:40:17 2017
 with EXIT_SUCCESS

EPSIG.EXE Version 3.5 Copyright The State of Queensland 1999-2015
Started at   Tue Oct 03 10:28:53 2017
 D:\OLGR-TECHSERV\MISC\BINIMAGE\qcas\epsigQCAS3_5.exe d:\OLGR-TECHSERV\BINIMAGE\*.* qcas_2017_10_v01.msl qcas_2017_10_v01.tsl qcas_2017_10_v03.psl 
 Allocating buffer 262144 bytes
 Finished at Tue Oct 03 10:49:05 2017
 with EXIT_SUCCESS

EPSIG.EXE Version 3.5 Copyright The State of Queensland 1999-2015
Started at   Tue Oct 03 10:49:10 2017
 D:\OLGR-TECHSERV\MISC\BINIMAGE\qcas\epsigQCAS3_5.exe d:\OLGR-TECHSERV\BINIMAGE\*.* qcas_2017_11_v01.msl qcas_2017_10_v01.tsl qcas_2017_11_v01.psl 
 Allocating buffer 262144 bytes

EPSIG.EXE Version 3.5 Copyright The State of Queensland 1999-2015
Started at   Fri Oct 06 08:41:37 2017
 D:\OLGR-TECHSERV\MISC\BINIMAGE\qcas\epsigQCAS3_5.exe d:\OLGR-TECHSERV\BINIMAGE\*.* qcas_2017_11_v01.msl qcas_2017_10_v01.tsl qcas_2017_11_v01.psl 
 Allocating buffer 262144 bytes
 Finished at Mon Oct 09 13:18:15 2017
 with EXIT_SUCCESS
